[0.025s] Invoking command in '/home/malik/interbotix_moveit/build/emse_rx150_moveit_config': CMAKE_PREFIX_PATH=${CMAKE_PREFIX_PATH}:/home/malik/interbotix_ws/install/interbotix_xs_modules:/home/malik/interbotix_ws/install/interbotix_perception_modules:/home/malik/interbotix_ws/install/interbotix_common_modules:/opt/ros/humble /usr/bin/cmake /home/malik/interbotix_moveit/src/emse_rx150_moveit_config -DCMAKE_INSTALL_PREFIX=/home/malik/interbotix_moveit/install/emse_rx150_moveit_config
[0.295s] -- The C compiler identification is GNU 11.4.0
[0.415s] -- The CXX compiler identification is GNU 11.4.0
[0.465s] -- Detecting C compiler ABI info
[0.625s] -- Detecting C compiler ABI info - done
[0.641s] -- Check for working C compiler: /usr/bin/cc - skipped
[0.642s] -- Detecting C compile features
[0.651s] -- Detecting C compile features - done
[0.660s] -- Detecting CXX compiler ABI info
[0.804s] -- Detecting CXX compiler ABI info - done
[0.816s] -- Check for working CXX compiler: /usr/bin/c++ - skipped
[0.816s] -- Detecting CXX compile features
[0.818s] -- Detecting CXX compile features - done
[1.046s] -- Found ament_cmake: 1.3.8 (/opt/ros/humble/share/ament_cmake/cmake)
[1.643s] -- Found Python3: /usr/bin/python3 (found version "3.10.12") found components: Interpreter 
[2.355s] -- Configuring done
[2.359s] -- Generating done
[2.360s] -- Build files have been written to: /home/malik/interbotix_moveit/build/emse_rx150_moveit_config
[2.367s] Invoked command in '/home/malik/interbotix_moveit/build/emse_rx150_moveit_config' returned '0': CMAKE_PREFIX_PATH=${CMAKE_PREFIX_PATH}:/home/malik/interbotix_ws/install/interbotix_xs_modules:/home/malik/interbotix_ws/install/interbotix_perception_modules:/home/malik/interbotix_ws/install/interbotix_common_modules:/opt/ros/humble /usr/bin/cmake /home/malik/interbotix_moveit/src/emse_rx150_moveit_config -DCMAKE_INSTALL_PREFIX=/home/malik/interbotix_moveit/install/emse_rx150_moveit_config
[2.369s] Invoking command in '/home/malik/interbotix_moveit/build/emse_rx150_moveit_config': CMAKE_PREFIX_PATH=${CMAKE_PREFIX_PATH}:/home/malik/interbotix_ws/install/interbotix_xs_modules:/home/malik/interbotix_ws/install/interbotix_perception_modules:/home/malik/interbotix_ws/install/interbotix_common_modules:/opt/ros/humble /usr/bin/cmake --build /home/malik/interbotix_moveit/build/emse_rx150_moveit_config -- -j4 -l4
[2.443s] Invoked command in '/home/malik/interbotix_moveit/build/emse_rx150_moveit_config' returned '0': CMAKE_PREFIX_PATH=${CMAKE_PREFIX_PATH}:/home/malik/interbotix_ws/install/interbotix_xs_modules:/home/malik/interbotix_ws/install/interbotix_perception_modules:/home/malik/interbotix_ws/install/interbotix_common_modules:/opt/ros/humble /usr/bin/cmake --build /home/malik/interbotix_moveit/build/emse_rx150_moveit_config -- -j4 -l4
[2.507s] Invoking command in '/home/malik/interbotix_moveit/build/emse_rx150_moveit_config': CMAKE_PREFIX_PATH=${CMAKE_PREFIX_PATH}:/home/malik/interbotix_ws/install/interbotix_xs_modules:/home/malik/interbotix_ws/install/interbotix_perception_modules:/home/malik/interbotix_ws/install/interbotix_common_modules:/opt/ros/humble /usr/bin/cmake --install /home/malik/interbotix_moveit/build/emse_rx150_moveit_config
[2.521s] -- Install configuration: ""
[2.521s] -- Installing: /home/malik/interbotix_moveit/install/emse_rx150_moveit_config/share/ament_index/resource_index/package_run_dependencies/emse_rx150_moveit_config
[2.522s] -- Installing: /home/malik/interbotix_moveit/install/emse_rx150_moveit_config/share/ament_index/resource_index/parent_prefix_path/emse_rx150_moveit_config
[2.522s] -- Installing: /home/malik/interbotix_moveit/install/emse_rx150_moveit_config/share/emse_rx150_moveit_config/environment/ament_prefix_path.sh
[2.522s] -- Installing: /home/malik/interbotix_moveit/install/emse_rx150_moveit_config/share/emse_rx150_moveit_config/environment/ament_prefix_path.dsv
[2.522s] -- Installing: /home/malik/interbotix_moveit/install/emse_rx150_moveit_config/share/emse_rx150_moveit_config/environment/path.sh
[2.523s] -- Installing: /home/malik/interbotix_moveit/install/emse_rx150_moveit_config/share/emse_rx150_moveit_config/environment/path.dsv
[2.523s] -- Installing: /home/malik/interbotix_moveit/install/emse_rx150_moveit_config/share/emse_rx150_moveit_config/local_setup.bash
[2.523s] -- Installing: /home/malik/interbotix_moveit/install/emse_rx150_moveit_config/share/emse_rx150_moveit_config/local_setup.sh
[2.523s] -- Installing: /home/malik/interbotix_moveit/install/emse_rx150_moveit_config/share/emse_rx150_moveit_config/local_setup.zsh
[2.523s] -- Installing: /home/malik/interbotix_moveit/install/emse_rx150_moveit_config/share/emse_rx150_moveit_config/local_setup.dsv
[2.524s] -- Installing: /home/malik/interbotix_moveit/install/emse_rx150_moveit_config/share/emse_rx150_moveit_config/package.dsv
[2.524s] -- Installing: /home/malik/interbotix_moveit/install/emse_rx150_moveit_config/share/ament_index/resource_index/packages/emse_rx150_moveit_config
[2.524s] -- Installing: /home/malik/interbotix_moveit/install/emse_rx150_moveit_config/share/emse_rx150_moveit_config/cmake/emse_rx150_moveit_configConfig.cmake
[2.525s] -- Installing: /home/malik/interbotix_moveit/install/emse_rx150_moveit_config/share/emse_rx150_moveit_config/cmake/emse_rx150_moveit_configConfig-version.cmake
[2.525s] -- Installing: /home/malik/interbotix_moveit/install/emse_rx150_moveit_config/share/emse_rx150_moveit_config/package.xml
[2.525s] -- Installing: /home/malik/interbotix_moveit/install/emse_rx150_moveit_config/share/emse_rx150_moveit_config/launch
[2.549s] -- Installing: /home/malik/interbotix_moveit/install/emse_rx150_moveit_config/share/emse_rx150_moveit_config/launch/test.launch.py
[2.559s] -- Installing: /home/malik/interbotix_moveit/install/emse_rx150_moveit_config/share/emse_rx150_moveit_config/config
[2.566s] -- Installing: /home/malik/interbotix_moveit/install/emse_rx150_moveit_config/share/emse_rx150_moveit_config/config/srdf
[2.576s] -- Installing: /home/malik/interbotix_moveit/install/emse_rx150_moveit_config/share/emse_rx150_moveit_config/config/srdf/rx150.srdf
[2.592s] -- Installing: /home/malik/interbotix_moveit/install/emse_rx150_moveit_config/share/emse_rx150_moveit_config/config/sensors_3d.yaml
[2.599s] -- Installing: /home/malik/interbotix_moveit/install/emse_rx150_moveit_config/share/emse_rx150_moveit_config/config/rx150.ros2_control.xacro
[2.631s] -- Installing: /home/malik/interbotix_moveit/install/emse_rx150_moveit_config/share/emse_rx150_moveit_config/config/kinematics.yaml
[2.656s] -- Installing: /home/malik/interbotix_moveit/install/emse_rx150_moveit_config/share/emse_rx150_moveit_config/config/ros2_controllers.yaml
[2.669s] -- Installing: /home/malik/interbotix_moveit/install/emse_rx150_moveit_config/share/emse_rx150_moveit_config/config/joint_limits.yaml
[2.681s] -- Installing: /home/malik/interbotix_moveit/install/emse_rx150_moveit_config/share/emse_rx150_moveit_config/config/moveit_controllers.yaml
[2.692s] -- Installing: /home/malik/interbotix_moveit/install/emse_rx150_moveit_config/share/emse_rx150_moveit_config/config/moveit.rviz
[2.725s] -- Installing: /home/malik/interbotix_moveit/install/emse_rx150_moveit_config/share/emse_rx150_moveit_config/config/ompl_planning.yaml
[2.759s] -- Installing: /home/malik/interbotix_moveit/install/emse_rx150_moveit_config/share/emse_rx150_moveit_config/config/rx150.urdf.xacro
[2.761s] -- Installing: /home/malik/interbotix_moveit/install/emse_rx150_moveit_config/share/emse_rx150_moveit_config/config/initial_positions.yaml
[2.762s] -- Installing: /home/malik/interbotix_moveit/install/emse_rx150_moveit_config/share/emse_rx150_moveit_config/config/pilz_cartesian_limits.yaml
[2.774s] Invoked command in '/home/malik/interbotix_moveit/build/emse_rx150_moveit_config' returned '0': CMAKE_PREFIX_PATH=${CMAKE_PREFIX_PATH}:/home/malik/interbotix_ws/install/interbotix_xs_modules:/home/malik/interbotix_ws/install/interbotix_perception_modules:/home/malik/interbotix_ws/install/interbotix_common_modules:/opt/ros/humble /usr/bin/cmake --install /home/malik/interbotix_moveit/build/emse_rx150_moveit_config
