[0.306s] DEBUG:colcon:Command line arguments: ['/home/malik/.local/bin/colcon', 'build', '--packages-select', 'emse_reachpose']
[0.306s] DEBUG:colcon:Parsed command line arguments: Namespace(log_base=None, log_level=None, verb_name='build', build_base='build', install_base='install', merge_install=False, symlink_install=False, test_result_base=None, continue_on_error=False, executor='parallel', parallel_workers=4, event_handlers=None, ignore_user_meta=False, metas=['./colcon.meta'], base_paths=['.'], packages_ignore=None, packages_ignore_regex=None, paths=None, packages_up_to=None, packages_up_to_regex=None, packages_above=None, packages_above_and_dependencies=None, packages_above_depth=None, packages_select_by_dep=None, packages_skip_by_dep=None, packages_skip_up_to=None, packages_select_build_failed=False, packages_skip_build_finished=False, packages_select_test_failures=False, packages_skip_test_passed=False, packages_select=['emse_reachpose'], packages_skip=None, packages_select_regex=None, packages_skip_regex=None, packages_start=None, packages_end=None, allow_overriding=[], cmake_args=None, cmake_target=None, cmake_target_skip_unavailable=False, cmake_clean_cache=False, cmake_clean_first=False, cmake_force_configure=False, ament_cmake_args=None, catkin_cmake_args=None, catkin_skip_building_tests=False, mixin_files=None, mixin=None, verb_parser=<colcon_mixin.mixin.mixin_argument.MixinArgumentDecorator object at 0x7f0bc6902260>, verb_extension=<colcon_core.verb.build.BuildVerb object at 0x7f0bc6a029b0>, main=<bound method BuildVerb.main of <colcon_core.verb.build.BuildVerb object at 0x7f0bc6a029b0>>, mixin_verb=('build',))
[0.669s] Level 1:colcon.colcon_core.package_discovery:discover_packages(colcon_meta) check parameters
[0.670s] Level 1:colcon.colcon_core.package_discovery:discover_packages(recursive) check parameters
[0.670s] Level 1:colcon.colcon_core.package_discovery:discover_packages(ignore) check parameters
[0.670s] Level 1:colcon.colcon_core.package_discovery:discover_packages(path) check parameters
[0.670s] Level 1:colcon.colcon_core.package_discovery:discover_packages(colcon_meta) discover
[0.670s] Level 1:colcon.colcon_core.package_discovery:discover_packages(recursive) discover
[0.670s] INFO:colcon.colcon_core.package_discovery:Crawling recursively for packages in '/home/malik/interbotix_moveit'
[0.670s] Level 1:colcon.colcon_core.package_identification:_identify(.) by extensions ['ignore', 'ignore_ament_install']
[0.670s] Level 1:colcon.colcon_core.package_identification:_identify(.) by extension 'ignore'
[0.671s] Level 1:colcon.colcon_core.package_identification:_identify(.) by extension 'ignore_ament_install'
[0.671s] Level 1:colcon.colcon_core.package_identification:_identify(.) by extensions ['colcon_pkg']
[0.671s] Level 1:colcon.colcon_core.package_identification:_identify(.) by extension 'colcon_pkg'
[0.671s] Level 1:colcon.colcon_core.package_identification:_identify(.) by extensions ['colcon_meta']
[0.671s] Level 1:colcon.colcon_core.package_identification:_identify(.) by extension 'colcon_meta'
[0.671s] Level 1:colcon.colcon_core.package_identification:_identify(.) by extensions ['ros']
[0.671s] Level 1:colcon.colcon_core.package_identification:_identify(.) by extension 'ros'
[0.693s] Level 1:colcon.colcon_core.package_identification:_identify(.) by extensions ['cmake', 'python']
[0.694s] Level 1:colcon.colcon_core.package_identification:_identify(.) by extension 'cmake'
[0.694s] Level 1:colcon.colcon_core.package_identification:_identify(.) by extension 'python'
[0.694s] Level 1:colcon.colcon_core.package_identification:_identify(.) by extensions ['python_setup_py']
[0.694s] Level 1:colcon.colcon_core.package_identification:_identify(.) by extension 'python_setup_py'
[0.694s] Level 1:colcon.colcon_core.package_identification:_identify(build) by extensions ['ignore', 'ignore_ament_install']
[0.694s] Level 1:colcon.colcon_core.package_identification:_identify(build) by extension 'ignore'
[0.694s] Level 1:colcon.colcon_core.package_identification:_identify(build) ignored
[0.694s] Level 1:colcon.colcon_core.package_identification:_identify(install) by extensions ['ignore', 'ignore_ament_install']
[0.695s] Level 1:colcon.colcon_core.package_identification:_identify(install) by extension 'ignore'
[0.695s] Level 1:colcon.colcon_core.package_identification:_identify(install) ignored
[0.695s] Level 1:colcon.colcon_core.package_identification:_identify(log) by extensions ['ignore', 'ignore_ament_install']
[0.695s] Level 1:colcon.colcon_core.package_identification:_identify(log) by extension 'ignore'
[0.695s] Level 1:colcon.colcon_core.package_identification:_identify(log) ignored
[0.695s] Level 1:colcon.colcon_core.package_identification:_identify(src) by extensions ['ignore', 'ignore_ament_install']
[0.695s] Level 1:colcon.colcon_core.package_identification:_identify(src) by extension 'ignore'
[0.695s] Level 1:colcon.colcon_core.package_identification:_identify(src) by extension 'ignore_ament_install'
[0.695s] Level 1:colcon.colcon_core.package_identification:_identify(src) by extensions ['colcon_pkg']
[0.696s] Level 1:colcon.colcon_core.package_identification:_identify(src) by extension 'colcon_pkg'
[0.696s] Level 1:colcon.colcon_core.package_identification:_identify(src) by extensions ['colcon_meta']
[0.696s] Level 1:colcon.colcon_core.package_identification:_identify(src) by extension 'colcon_meta'
[0.696s] Level 1:colcon.colcon_core.package_identification:_identify(src) by extensions ['ros']
[0.696s] Level 1:colcon.colcon_core.package_identification:_identify(src) by extension 'ros'
[0.696s] Level 1:colcon.colcon_core.package_identification:_identify(src) by extensions ['cmake', 'python']
[0.696s] Level 1:colcon.colcon_core.package_identification:_identify(src) by extension 'cmake'
[0.696s] Level 1:colcon.colcon_core.package_identification:_identify(src) by extension 'python'
[0.696s] Level 1:colcon.colcon_core.package_identification:_identify(src) by extensions ['python_setup_py']
[0.696s] Level 1:colcon.colcon_core.package_identification:_identify(src) by extension 'python_setup_py'
[0.697s] Level 1:colcon.colcon_core.package_identification:_identify(src/emse_moveit_actions) by extensions ['ignore', 'ignore_ament_install']
[0.697s] Level 1:colcon.colcon_core.package_identification:_identify(src/emse_moveit_actions) by extension 'ignore'
[0.697s] Level 1:colcon.colcon_core.package_identification:_identify(src/emse_moveit_actions) by extension 'ignore_ament_install'
[0.697s] Level 1:colcon.colcon_core.package_identification:_identify(src/emse_moveit_actions) by extensions ['colcon_pkg']
[0.697s] Level 1:colcon.colcon_core.package_identification:_identify(src/emse_moveit_actions) by extension 'colcon_pkg'
[0.697s] Level 1:colcon.colcon_core.package_identification:_identify(src/emse_moveit_actions) by extensions ['colcon_meta']
[0.697s] Level 1:colcon.colcon_core.package_identification:_identify(src/emse_moveit_actions) by extension 'colcon_meta'
[0.697s] Level 1:colcon.colcon_core.package_identification:_identify(src/emse_moveit_actions) by extensions ['ros']
[0.697s] Level 1:colcon.colcon_core.package_identification:_identify(src/emse_moveit_actions) by extension 'ros'
[0.703s] DEBUG:colcon.colcon_core.package_identification:Package 'src/emse_moveit_actions' with type 'ros.ament_cmake' and name 'emse_moveit_actions'
[0.703s] Level 1:colcon.colcon_core.package_identification:_identify(src/emse_reachpose) by extensions ['ignore', 'ignore_ament_install']
[0.703s] Level 1:colcon.colcon_core.package_identification:_identify(src/emse_reachpose) by extension 'ignore'
[0.703s] Level 1:colcon.colcon_core.package_identification:_identify(src/emse_reachpose) by extension 'ignore_ament_install'
[0.703s] Level 1:colcon.colcon_core.package_identification:_identify(src/emse_reachpose) by extensions ['colcon_pkg']
[0.703s] Level 1:colcon.colcon_core.package_identification:_identify(src/emse_reachpose) by extension 'colcon_pkg'
[0.703s] Level 1:colcon.colcon_core.package_identification:_identify(src/emse_reachpose) by extensions ['colcon_meta']
[0.703s] Level 1:colcon.colcon_core.package_identification:_identify(src/emse_reachpose) by extension 'colcon_meta'
[0.704s] Level 1:colcon.colcon_core.package_identification:_identify(src/emse_reachpose) by extensions ['ros']
[0.704s] Level 1:colcon.colcon_core.package_identification:_identify(src/emse_reachpose) by extension 'ros'
[0.705s] DEBUG:colcon.colcon_core.package_identification:Package 'src/emse_reachpose' with type 'ros.ament_cmake' and name 'emse_reachpose'
[0.705s] Level 1:colcon.colcon_core.package_identification:_identify(src/emse_rx150_moveit_config) by extensions ['ignore', 'ignore_ament_install']
[0.705s] Level 1:colcon.colcon_core.package_identification:_identify(src/emse_rx150_moveit_config) by extension 'ignore'
[0.705s] Level 1:colcon.colcon_core.package_identification:_identify(src/emse_rx150_moveit_config) by extension 'ignore_ament_install'
[0.705s] Level 1:colcon.colcon_core.package_identification:_identify(src/emse_rx150_moveit_config) by extensions ['colcon_pkg']
[0.705s] Level 1:colcon.colcon_core.package_identification:_identify(src/emse_rx150_moveit_config) by extension 'colcon_pkg'
[0.706s] Level 1:colcon.colcon_core.package_identification:_identify(src/emse_rx150_moveit_config) by extensions ['colcon_meta']
[0.706s] Level 1:colcon.colcon_core.package_identification:_identify(src/emse_rx150_moveit_config) by extension 'colcon_meta'
[0.706s] Level 1:colcon.colcon_core.package_identification:_identify(src/emse_rx150_moveit_config) by extensions ['ros']
[0.706s] Level 1:colcon.colcon_core.package_identification:_identify(src/emse_rx150_moveit_config) by extension 'ros'
[0.710s] DEBUG:colcon.colcon_core.package_identification:Package 'src/emse_rx150_moveit_config' with type 'ros.ament_cmake' and name 'emse_rx150_moveit_config'
[0.710s] Level 1:colcon.colcon_core.package_discovery:discover_packages(recursive) using defaults
[0.711s] Level 1:colcon.colcon_core.package_discovery:discover_packages(ignore) discover
[0.711s] Level 1:colcon.colcon_core.package_discovery:discover_packages(ignore) using defaults
[0.711s] Level 1:colcon.colcon_core.package_discovery:discover_packages(path) discover
[0.711s] Level 1:colcon.colcon_core.package_discovery:discover_packages(path) using defaults
[0.751s] INFO:colcon.colcon_core.package_selection:Skipping not selected package 'emse_moveit_actions' in 'src/emse_moveit_actions'
[0.751s] INFO:colcon.colcon_core.package_selection:Skipping not selected package 'emse_rx150_moveit_config' in 'src/emse_rx150_moveit_config'
[0.752s] Level 1:colcon.colcon_core.package_discovery:discover_packages(prefix_path) check parameters
[0.752s] Level 1:colcon.colcon_core.package_discovery:discover_packages(prefix_path) discover
[0.758s] DEBUG:colcon.colcon_installed_package_information.package_discovery:Found 2 installed packages in /home/malik/interbotix_moveit/install
[0.761s] DEBUG:colcon.colcon_installed_package_information.package_discovery:Found 32 installed packages in /home/malik/interbotix_ws/install
[0.762s] DEBUG:colcon.colcon_installed_package_information.package_discovery:Found 1 installed packages in /home/malik/apriltag_ws/install
[0.766s] DEBUG:colcon.colcon_installed_package_information.package_discovery:Found 385 installed packages in /opt/ros/humble
[0.782s] Level 1:colcon.colcon_core.package_discovery:discover_packages(prefix_path) using defaults
[0.895s] Level 5:colcon.colcon_core.verb:set package 'emse_reachpose' build argument 'cmake_args' from command line to 'None'
[0.896s] Level 5:colcon.colcon_core.verb:set package 'emse_reachpose' build argument 'cmake_target' from command line to 'None'
[0.896s] Level 5:colcon.colcon_core.verb:set package 'emse_reachpose' build argument 'cmake_target_skip_unavailable' from command line to 'False'
[0.896s] Level 5:colcon.colcon_core.verb:set package 'emse_reachpose' build argument 'cmake_clean_cache' from command line to 'False'
[0.896s] Level 5:colcon.colcon_core.verb:set package 'emse_reachpose' build argument 'cmake_clean_first' from command line to 'False'
[0.896s] Level 5:colcon.colcon_core.verb:set package 'emse_reachpose' build argument 'cmake_force_configure' from command line to 'False'
[0.896s] Level 5:colcon.colcon_core.verb:set package 'emse_reachpose' build argument 'ament_cmake_args' from command line to 'None'
[0.896s] Level 5:colcon.colcon_core.verb:set package 'emse_reachpose' build argument 'catkin_cmake_args' from command line to 'None'
[0.896s] Level 5:colcon.colcon_core.verb:set package 'emse_reachpose' build argument 'catkin_skip_building_tests' from command line to 'False'
[0.896s] DEBUG:colcon.colcon_core.verb:Building package 'emse_reachpose' with the following arguments: {'ament_cmake_args': None, 'build_base': '/home/malik/interbotix_moveit/build/emse_reachpose', 'catkin_cmake_args': None, 'catkin_skip_building_tests': False, 'cmake_args': None, 'cmake_clean_cache': False, 'cmake_clean_first': False, 'cmake_force_configure': False, 'cmake_target': None, 'cmake_target_skip_unavailable': False, 'install_base': '/home/malik/interbotix_moveit/install/emse_reachpose', 'merge_install': False, 'path': '/home/malik/interbotix_moveit/src/emse_reachpose', 'symlink_install': False, 'test_result_base': None}
[0.896s] INFO:colcon.colcon_core.executor:Executing jobs using 'parallel' executor
[0.898s] DEBUG:colcon.colcon_parallel_executor.executor.parallel:run_until_complete
[0.899s] INFO:colcon.colcon_ros.task.ament_cmake.build:Building ROS package in '/home/malik/interbotix_moveit/src/emse_reachpose' with build type 'ament_cmake'
[0.899s] INFO:colcon.colcon_cmake.task.cmake.build:Building CMake package in '/home/malik/interbotix_moveit/src/emse_reachpose'
[0.902s] INFO:colcon.colcon_core.plugin_system:Skipping extension 'colcon_core.shell.bat': Not used on non-Windows systems
[0.903s] INFO:colcon.colcon_core.shell:Skip shell extension 'powershell' for command environment: Not usable outside of PowerShell
[0.903s] DEBUG:colcon.colcon_core.shell:Skip shell extension 'dsv' for command environment
[0.929s] DEBUG:colcon.colcon_core.event_handler.log_command:Invoking command in '/home/malik/interbotix_moveit/build/emse_reachpose': CMAKE_PREFIX_PATH=${CMAKE_PREFIX_PATH}:/home/malik/interbotix_ws/install/interbotix_xs_modules:/home/malik/interbotix_ws/install/interbotix_perception_modules:/home/malik/interbotix_ws/install/interbotix_common_modules:/opt/ros/humble /usr/bin/cmake --build /home/malik/interbotix_moveit/build/emse_reachpose -- -j4 -l4
[1.113s] DEBUG:colcon.colcon_core.event_handler.log_command:Invoked command in '/home/malik/interbotix_moveit/build/emse_reachpose' returned '0': CMAKE_PREFIX_PATH=${CMAKE_PREFIX_PATH}:/home/malik/interbotix_ws/install/interbotix_xs_modules:/home/malik/interbotix_ws/install/interbotix_perception_modules:/home/malik/interbotix_ws/install/interbotix_common_modules:/opt/ros/humble /usr/bin/cmake --build /home/malik/interbotix_moveit/build/emse_reachpose -- -j4 -l4
[1.205s] DEBUG:colcon.colcon_core.event_handler.log_command:Invoking command in '/home/malik/interbotix_moveit/build/emse_reachpose': CMAKE_PREFIX_PATH=${CMAKE_PREFIX_PATH}:/home/malik/interbotix_ws/install/interbotix_xs_modules:/home/malik/interbotix_ws/install/interbotix_perception_modules:/home/malik/interbotix_ws/install/interbotix_common_modules:/opt/ros/humble /usr/bin/cmake --install /home/malik/interbotix_moveit/build/emse_reachpose
[1.228s] Level 1:colcon.colcon_core.environment:create_environment_scripts_only(emse_reachpose)
[1.230s] DEBUG:colcon.colcon_core.event_handler.log_command:Invoked command in '/home/malik/interbotix_moveit/build/emse_reachpose' returned '0': CMAKE_PREFIX_PATH=${CMAKE_PREFIX_PATH}:/home/malik/interbotix_ws/install/interbotix_xs_modules:/home/malik/interbotix_ws/install/interbotix_perception_modules:/home/malik/interbotix_ws/install/interbotix_common_modules:/opt/ros/humble /usr/bin/cmake --install /home/malik/interbotix_moveit/build/emse_reachpose
[1.233s] Level 1:colcon.colcon_core.environment:checking '/home/malik/interbotix_moveit/install/emse_reachpose' for CMake module files
[1.234s] Level 1:colcon.colcon_core.environment:checking '/home/malik/interbotix_moveit/install/emse_reachpose' for CMake config files
[1.235s] Level 1:colcon.colcon_core.shell:create_environment_hook('emse_reachpose', 'cmake_prefix_path')
[1.235s] INFO:colcon.colcon_core.shell:Creating environment hook '/home/malik/interbotix_moveit/install/emse_reachpose/share/emse_reachpose/hook/cmake_prefix_path.ps1'
[1.236s] INFO:colcon.colcon_core.shell:Creating environment descriptor '/home/malik/interbotix_moveit/install/emse_reachpose/share/emse_reachpose/hook/cmake_prefix_path.dsv'
[1.237s] INFO:colcon.colcon_core.shell:Creating environment hook '/home/malik/interbotix_moveit/install/emse_reachpose/share/emse_reachpose/hook/cmake_prefix_path.sh'
[1.238s] Level 1:colcon.colcon_core.environment:checking '/home/malik/interbotix_moveit/install/emse_reachpose/lib'
[1.239s] Level 1:colcon.colcon_core.environment:checking '/home/malik/interbotix_moveit/install/emse_reachpose/bin'
[1.239s] Level 1:colcon.colcon_core.environment:checking '/home/malik/interbotix_moveit/install/emse_reachpose/lib/pkgconfig/emse_reachpose.pc'
[1.239s] Level 1:colcon.colcon_core.environment:checking '/home/malik/interbotix_moveit/install/emse_reachpose/lib/python3.10/site-packages'
[1.240s] Level 1:colcon.colcon_core.environment:checking '/home/malik/interbotix_moveit/install/emse_reachpose/bin'
[1.240s] INFO:colcon.colcon_core.shell:Creating package script '/home/malik/interbotix_moveit/install/emse_reachpose/share/emse_reachpose/package.ps1'
[1.243s] INFO:colcon.colcon_core.shell:Creating package descriptor '/home/malik/interbotix_moveit/install/emse_reachpose/share/emse_reachpose/package.dsv'
[1.244s] INFO:colcon.colcon_core.shell:Creating package script '/home/malik/interbotix_moveit/install/emse_reachpose/share/emse_reachpose/package.sh'
[1.246s] INFO:colcon.colcon_core.shell:Creating package script '/home/malik/interbotix_moveit/install/emse_reachpose/share/emse_reachpose/package.bash'
[1.248s] INFO:colcon.colcon_core.shell:Creating package script '/home/malik/interbotix_moveit/install/emse_reachpose/share/emse_reachpose/package.zsh'
[1.249s] Level 1:colcon.colcon_core.environment:create_file_with_runtime_dependencies(/home/malik/interbotix_moveit/install/emse_reachpose/share/colcon-core/packages/emse_reachpose)
[1.319s] Level 1:colcon.colcon_core.environment:create_environment_scripts_only(emse_reachpose)
[1.320s] Level 1:colcon.colcon_core.environment:checking '/home/malik/interbotix_moveit/install/emse_reachpose' for CMake module files
[1.321s] Level 1:colcon.colcon_core.environment:checking '/home/malik/interbotix_moveit/install/emse_reachpose' for CMake config files
[1.321s] Level 1:colcon.colcon_core.shell:create_environment_hook('emse_reachpose', 'cmake_prefix_path')
[1.322s] INFO:colcon.colcon_core.shell:Creating environment hook '/home/malik/interbotix_moveit/install/emse_reachpose/share/emse_reachpose/hook/cmake_prefix_path.ps1'
[1.322s] INFO:colcon.colcon_core.shell:Creating environment descriptor '/home/malik/interbotix_moveit/install/emse_reachpose/share/emse_reachpose/hook/cmake_prefix_path.dsv'
[1.322s] INFO:colcon.colcon_core.shell:Creating environment hook '/home/malik/interbotix_moveit/install/emse_reachpose/share/emse_reachpose/hook/cmake_prefix_path.sh'
[1.323s] Level 1:colcon.colcon_core.environment:checking '/home/malik/interbotix_moveit/install/emse_reachpose/lib'
[1.323s] Level 1:colcon.colcon_core.environment:checking '/home/malik/interbotix_moveit/install/emse_reachpose/bin'
[1.323s] Level 1:colcon.colcon_core.environment:checking '/home/malik/interbotix_moveit/install/emse_reachpose/lib/pkgconfig/emse_reachpose.pc'
[1.324s] Level 1:colcon.colcon_core.environment:checking '/home/malik/interbotix_moveit/install/emse_reachpose/lib/python3.10/site-packages'
[1.324s] Level 1:colcon.colcon_core.environment:checking '/home/malik/interbotix_moveit/install/emse_reachpose/bin'
[1.326s] INFO:colcon.colcon_core.shell:Creating package script '/home/malik/interbotix_moveit/install/emse_reachpose/share/emse_reachpose/package.ps1'
[1.327s] INFO:colcon.colcon_core.shell:Creating package descriptor '/home/malik/interbotix_moveit/install/emse_reachpose/share/emse_reachpose/package.dsv'
[1.328s] INFO:colcon.colcon_core.shell:Creating package script '/home/malik/interbotix_moveit/install/emse_reachpose/share/emse_reachpose/package.sh'
[1.329s] INFO:colcon.colcon_core.shell:Creating package script '/home/malik/interbotix_moveit/install/emse_reachpose/share/emse_reachpose/package.bash'
[1.330s] INFO:colcon.colcon_core.shell:Creating package script '/home/malik/interbotix_moveit/install/emse_reachpose/share/emse_reachpose/package.zsh'
[1.331s] Level 1:colcon.colcon_core.environment:create_file_with_runtime_dependencies(/home/malik/interbotix_moveit/install/emse_reachpose/share/colcon-core/packages/emse_reachpose)
[1.331s] DEBUG:colcon.colcon_parallel_executor.executor.parallel:closing loop
[1.331s] DEBUG:colcon.colcon_parallel_executor.executor.parallel:loop closed
[1.332s] DEBUG:colcon.colcon_parallel_executor.executor.parallel:run_until_complete finished with '0'
[1.332s] DEBUG:colcon.colcon_core.event_reactor:joining thread
[1.340s] INFO:colcon.colcon_core.plugin_system:Skipping extension 'colcon_notification.desktop_notification.terminal_notifier': Not used on non-Darwin systems
[1.340s] INFO:colcon.colcon_core.plugin_system:Skipping extension 'colcon_notification.desktop_notification.win32': Not used on non-Windows systems
[1.340s] INFO:colcon.colcon_notification.desktop_notification:Sending desktop notification using 'notify2'
[1.360s] DEBUG:colcon.colcon_core.event_reactor:joined thread
[1.361s] INFO:colcon.colcon_core.shell:Creating prefix script '/home/malik/interbotix_moveit/install/local_setup.ps1'
[1.364s] INFO:colcon.colcon_core.shell:Creating prefix util module '/home/malik/interbotix_moveit/install/_local_setup_util_ps1.py'
[1.367s] INFO:colcon.colcon_core.shell:Creating prefix chain script '/home/malik/interbotix_moveit/install/setup.ps1'
[1.372s] INFO:colcon.colcon_core.shell:Creating prefix script '/home/malik/interbotix_moveit/install/local_setup.sh'
[1.373s] INFO:colcon.colcon_core.shell:Creating prefix util module '/home/malik/interbotix_moveit/install/_local_setup_util_sh.py'
[1.375s] INFO:colcon.colcon_core.shell:Creating prefix chain script '/home/malik/interbotix_moveit/install/setup.sh'
[1.381s] INFO:colcon.colcon_core.shell:Creating prefix script '/home/malik/interbotix_moveit/install/local_setup.bash'
[1.382s] INFO:colcon.colcon_core.shell:Creating prefix chain script '/home/malik/interbotix_moveit/install/setup.bash'
[1.386s] INFO:colcon.colcon_core.shell:Creating prefix script '/home/malik/interbotix_moveit/install/local_setup.zsh'
[1.387s] INFO:colcon.colcon_core.shell:Creating prefix chain script '/home/malik/interbotix_moveit/install/setup.zsh'
