[0.297s] DEBUG:colcon:Command line arguments: ['/home/malik/.local/bin/colcon', 'build', '--packages-select', 'emse_rx150_benchmarks']
[0.298s] DEBUG:colcon:Parsed command line arguments: Namespace(log_base=None, log_level=None, verb_name='build', build_base='build', install_base='install', merge_install=False, symlink_install=False, test_result_base=None, continue_on_error=False, executor='parallel', parallel_workers=4, event_handlers=None, ignore_user_meta=False, metas=['./colcon.meta'], base_paths=['.'], packages_ignore=None, packages_ignore_regex=None, paths=None, packages_up_to=None, packages_up_to_regex=None, packages_above=None, packages_above_and_dependencies=None, packages_above_depth=None, packages_select_by_dep=None, packages_skip_by_dep=None, packages_skip_up_to=None, packages_select_build_failed=False, packages_skip_build_finished=False, packages_select_test_failures=False, packages_skip_test_passed=False, packages_select=['emse_rx150_benchmarks'], packages_skip=None, packages_select_regex=None, packages_skip_regex=None, packages_start=None, packages_end=None, allow_overriding=[], cmake_args=None, cmake_target=None, cmake_target_skip_unavailable=False, cmake_clean_cache=False, cmake_clean_first=False, cmake_force_configure=False, ament_cmake_args=None, catkin_cmake_args=None, catkin_skip_building_tests=False, mixin_files=None, mixin=None, verb_parser=<colcon_mixin.mixin.mixin_argument.MixinArgumentDecorator object at 0x7ae28dd12260>, verb_extension=<colcon_core.verb.build.BuildVerb object at 0x7ae28de1a9b0>, main=<bound method BuildVerb.main of <colcon_core.verb.build.BuildVerb object at 0x7ae28de1a9b0>>, mixin_verb=('build',))
[0.657s] Level 1:colcon.colcon_core.package_discovery:discover_packages(colcon_meta) check parameters
[0.657s] Level 1:colcon.colcon_core.package_discovery:discover_packages(recursive) check parameters
[0.657s] Level 1:colcon.colcon_core.package_discovery:discover_packages(ignore) check parameters
[0.657s] Level 1:colcon.colcon_core.package_discovery:discover_packages(path) check parameters
[0.657s] Level 1:colcon.colcon_core.package_discovery:discover_packages(colcon_meta) discover
[0.657s] Level 1:colcon.colcon_core.package_discovery:discover_packages(recursive) discover
[0.657s] INFO:colcon.colcon_core.package_discovery:Crawling recursively for packages in '/home/malik/interbotix_moveit'
[0.657s] Level 1:colcon.colcon_core.package_identification:_identify(.) by extensions ['ignore', 'ignore_ament_install']
[0.658s] Level 1:colcon.colcon_core.package_identification:_identify(.) by extension 'ignore'
[0.658s] Level 1:colcon.colcon_core.package_identification:_identify(.) by extension 'ignore_ament_install'
[0.658s] Level 1:colcon.colcon_core.package_identification:_identify(.) by extensions ['colcon_pkg']
[0.658s] Level 1:colcon.colcon_core.package_identification:_identify(.) by extension 'colcon_pkg'
[0.658s] Level 1:colcon.colcon_core.package_identification:_identify(.) by extensions ['colcon_meta']
[0.658s] Level 1:colcon.colcon_core.package_identification:_identify(.) by extension 'colcon_meta'
[0.658s] Level 1:colcon.colcon_core.package_identification:_identify(.) by extensions ['ros']
[0.658s] Level 1:colcon.colcon_core.package_identification:_identify(.) by extension 'ros'
[0.680s] Level 1:colcon.colcon_core.package_identification:_identify(.) by extensions ['cmake', 'python']
[0.680s] Level 1:colcon.colcon_core.package_identification:_identify(.) by extension 'cmake'
[0.680s] Level 1:colcon.colcon_core.package_identification:_identify(.) by extension 'python'
[0.680s] Level 1:colcon.colcon_core.package_identification:_identify(.) by extensions ['python_setup_py']
[0.680s] Level 1:colcon.colcon_core.package_identification:_identify(.) by extension 'python_setup_py'
[0.680s] Level 1:colcon.colcon_core.package_identification:_identify(build) by extensions ['ignore', 'ignore_ament_install']
[0.680s] Level 1:colcon.colcon_core.package_identification:_identify(build) by extension 'ignore'
[0.680s] Level 1:colcon.colcon_core.package_identification:_identify(build) ignored
[0.681s] Level 1:colcon.colcon_core.package_identification:_identify(install) by extensions ['ignore', 'ignore_ament_install']
[0.681s] Level 1:colcon.colcon_core.package_identification:_identify(install) by extension 'ignore'
[0.681s] Level 1:colcon.colcon_core.package_identification:_identify(install) ignored
[0.681s] Level 1:colcon.colcon_core.package_identification:_identify(log) by extensions ['ignore', 'ignore_ament_install']
[0.681s] Level 1:colcon.colcon_core.package_identification:_identify(log) by extension 'ignore'
[0.681s] Level 1:colcon.colcon_core.package_identification:_identify(log) ignored
[0.681s] Level 1:colcon.colcon_core.package_identification:_identify(src) by extensions ['ignore', 'ignore_ament_install']
[0.682s] Level 1:colcon.colcon_core.package_identification:_identify(src) by extension 'ignore'
[0.682s] Level 1:colcon.colcon_core.package_identification:_identify(src) by extension 'ignore_ament_install'
[0.682s] Level 1:colcon.colcon_core.package_identification:_identify(src) by extensions ['colcon_pkg']
[0.682s] Level 1:colcon.colcon_core.package_identification:_identify(src) by extension 'colcon_pkg'
[0.682s] Level 1:colcon.colcon_core.package_identification:_identify(src) by extensions ['colcon_meta']
[0.682s] Level 1:colcon.colcon_core.package_identification:_identify(src) by extension 'colcon_meta'
[0.682s] Level 1:colcon.colcon_core.package_identification:_identify(src) by extensions ['ros']
[0.682s] Level 1:colcon.colcon_core.package_identification:_identify(src) by extension 'ros'
[0.682s] Level 1:colcon.colcon_core.package_identification:_identify(src) by extensions ['cmake', 'python']
[0.682s] Level 1:colcon.colcon_core.package_identification:_identify(src) by extension 'cmake'
[0.682s] Level 1:colcon.colcon_core.package_identification:_identify(src) by extension 'python'
[0.682s] Level 1:colcon.colcon_core.package_identification:_identify(src) by extensions ['python_setup_py']
[0.682s] Level 1:colcon.colcon_core.package_identification:_identify(src) by extension 'python_setup_py'
[0.683s] Level 1:colcon.colcon_core.package_identification:_identify(src/emse_moveit_actions) by extensions ['ignore', 'ignore_ament_install']
[0.683s] Level 1:colcon.colcon_core.package_identification:_identify(src/emse_moveit_actions) by extension 'ignore'
[0.683s] Level 1:colcon.colcon_core.package_identification:_identify(src/emse_moveit_actions) by extension 'ignore_ament_install'
[0.683s] Level 1:colcon.colcon_core.package_identification:_identify(src/emse_moveit_actions) by extensions ['colcon_pkg']
[0.683s] Level 1:colcon.colcon_core.package_identification:_identify(src/emse_moveit_actions) by extension 'colcon_pkg'
[0.683s] Level 1:colcon.colcon_core.package_identification:_identify(src/emse_moveit_actions) by extensions ['colcon_meta']
[0.683s] Level 1:colcon.colcon_core.package_identification:_identify(src/emse_moveit_actions) by extension 'colcon_meta'
[0.683s] Level 1:colcon.colcon_core.package_identification:_identify(src/emse_moveit_actions) by extensions ['ros']
[0.683s] Level 1:colcon.colcon_core.package_identification:_identify(src/emse_moveit_actions) by extension 'ros'
[0.688s] DEBUG:colcon.colcon_core.package_identification:Package 'src/emse_moveit_actions' with type 'ros.ament_cmake' and name 'emse_moveit_actions'
[0.688s] Level 1:colcon.colcon_core.package_identification:_identify(src/emse_reachpose) by extensions ['ignore', 'ignore_ament_install']
[0.688s] Level 1:colcon.colcon_core.package_identification:_identify(src/emse_reachpose) by extension 'ignore'
[0.688s] Level 1:colcon.colcon_core.package_identification:_identify(src/emse_reachpose) by extension 'ignore_ament_install'
[0.688s] Level 1:colcon.colcon_core.package_identification:_identify(src/emse_reachpose) by extensions ['colcon_pkg']
[0.688s] Level 1:colcon.colcon_core.package_identification:_identify(src/emse_reachpose) by extension 'colcon_pkg'
[0.688s] Level 1:colcon.colcon_core.package_identification:_identify(src/emse_reachpose) by extensions ['colcon_meta']
[0.688s] Level 1:colcon.colcon_core.package_identification:_identify(src/emse_reachpose) by extension 'colcon_meta'
[0.688s] Level 1:colcon.colcon_core.package_identification:_identify(src/emse_reachpose) by extensions ['ros']
[0.689s] Level 1:colcon.colcon_core.package_identification:_identify(src/emse_reachpose) by extension 'ros'
[0.690s] DEBUG:colcon.colcon_core.package_identification:Package 'src/emse_reachpose' with type 'ros.ament_cmake' and name 'emse_reachpose'
[0.690s] Level 1:colcon.colcon_core.package_identification:_identify(src/emse_rx150_benchmarks) by extensions ['ignore', 'ignore_ament_install']
[0.690s] Level 1:colcon.colcon_core.package_identification:_identify(src/emse_rx150_benchmarks) by extension 'ignore'
[0.690s] Level 1:colcon.colcon_core.package_identification:_identify(src/emse_rx150_benchmarks) by extension 'ignore_ament_install'
[0.690s] Level 1:colcon.colcon_core.package_identification:_identify(src/emse_rx150_benchmarks) by extensions ['colcon_pkg']
[0.690s] Level 1:colcon.colcon_core.package_identification:_identify(src/emse_rx150_benchmarks) by extension 'colcon_pkg'
[0.690s] Level 1:colcon.colcon_core.package_identification:_identify(src/emse_rx150_benchmarks) by extensions ['colcon_meta']
[0.691s] Level 1:colcon.colcon_core.package_identification:_identify(src/emse_rx150_benchmarks) by extension 'colcon_meta'
[0.691s] Level 1:colcon.colcon_core.package_identification:_identify(src/emse_rx150_benchmarks) by extensions ['ros']
[0.691s] Level 1:colcon.colcon_core.package_identification:_identify(src/emse_rx150_benchmarks) by extension 'ros'
[0.693s] DEBUG:colcon.colcon_core.package_identification:Package 'src/emse_rx150_benchmarks' with type 'ros.ament_cmake' and name 'emse_rx150_benchmarks'
[0.694s] Level 1:colcon.colcon_core.package_identification:_identify(src/emse_rx150_moveit_config) by extensions ['ignore', 'ignore_ament_install']
[0.694s] Level 1:colcon.colcon_core.package_identification:_identify(src/emse_rx150_moveit_config) by extension 'ignore'
[0.694s] Level 1:colcon.colcon_core.package_identification:_identify(src/emse_rx150_moveit_config) by extension 'ignore_ament_install'
[0.694s] Level 1:colcon.colcon_core.package_identification:_identify(src/emse_rx150_moveit_config) by extensions ['colcon_pkg']
[0.694s] Level 1:colcon.colcon_core.package_identification:_identify(src/emse_rx150_moveit_config) by extension 'colcon_pkg'
[0.694s] Level 1:colcon.colcon_core.package_identification:_identify(src/emse_rx150_moveit_config) by extensions ['colcon_meta']
[0.694s] Level 1:colcon.colcon_core.package_identification:_identify(src/emse_rx150_moveit_config) by extension 'colcon_meta'
[0.694s] Level 1:colcon.colcon_core.package_identification:_identify(src/emse_rx150_moveit_config) by extensions ['ros']
[0.694s] Level 1:colcon.colcon_core.package_identification:_identify(src/emse_rx150_moveit_config) by extension 'ros'
[0.698s] DEBUG:colcon.colcon_core.package_identification:Package 'src/emse_rx150_moveit_config' with type 'ros.ament_cmake' and name 'emse_rx150_moveit_config'
[0.698s] Level 1:colcon.colcon_core.package_discovery:discover_packages(recursive) using defaults
[0.698s] Level 1:colcon.colcon_core.package_discovery:discover_packages(ignore) discover
[0.699s] Level 1:colcon.colcon_core.package_discovery:discover_packages(ignore) using defaults
[0.699s] Level 1:colcon.colcon_core.package_discovery:discover_packages(path) discover
[0.699s] Level 1:colcon.colcon_core.package_discovery:discover_packages(path) using defaults
[0.739s] INFO:colcon.colcon_core.package_selection:Skipping not selected package 'emse_moveit_actions' in 'src/emse_moveit_actions'
[0.739s] INFO:colcon.colcon_core.package_selection:Skipping not selected package 'emse_reachpose' in 'src/emse_reachpose'
[0.739s] INFO:colcon.colcon_core.package_selection:Skipping not selected package 'emse_rx150_moveit_config' in 'src/emse_rx150_moveit_config'
[0.740s] Level 1:colcon.colcon_core.package_discovery:discover_packages(prefix_path) check parameters
[0.740s] Level 1:colcon.colcon_core.package_discovery:discover_packages(prefix_path) discover
[0.760s] DEBUG:colcon.colcon_installed_package_information.package_discovery:Found 4 installed packages in /home/malik/interbotix_moveit/install
[0.763s] DEBUG:colcon.colcon_installed_package_information.package_discovery:Found 32 installed packages in /home/malik/interbotix_ws/install
[0.764s] DEBUG:colcon.colcon_installed_package_information.package_discovery:Found 1 installed packages in /home/malik/apriltag_ws/install
[0.767s] DEBUG:colcon.colcon_installed_package_information.package_discovery:Found 386 installed packages in /opt/ros/humble
[0.769s] Level 1:colcon.colcon_core.package_discovery:discover_packages(prefix_path) using defaults
[0.879s] Level 5:colcon.colcon_core.verb:set package 'emse_rx150_benchmarks' build argument 'cmake_args' from command line to 'None'
[0.879s] Level 5:colcon.colcon_core.verb:set package 'emse_rx150_benchmarks' build argument 'cmake_target' from command line to 'None'
[0.879s] Level 5:colcon.colcon_core.verb:set package 'emse_rx150_benchmarks' build argument 'cmake_target_skip_unavailable' from command line to 'False'
[0.879s] Level 5:colcon.colcon_core.verb:set package 'emse_rx150_benchmarks' build argument 'cmake_clean_cache' from command line to 'False'
[0.879s] Level 5:colcon.colcon_core.verb:set package 'emse_rx150_benchmarks' build argument 'cmake_clean_first' from command line to 'False'
[0.879s] Level 5:colcon.colcon_core.verb:set package 'emse_rx150_benchmarks' build argument 'cmake_force_configure' from command line to 'False'
[0.879s] Level 5:colcon.colcon_core.verb:set package 'emse_rx150_benchmarks' build argument 'ament_cmake_args' from command line to 'None'
[0.879s] Level 5:colcon.colcon_core.verb:set package 'emse_rx150_benchmarks' build argument 'catkin_cmake_args' from command line to 'None'
[0.879s] Level 5:colcon.colcon_core.verb:set package 'emse_rx150_benchmarks' build argument 'catkin_skip_building_tests' from command line to 'False'
[0.880s] DEBUG:colcon.colcon_core.verb:Building package 'emse_rx150_benchmarks' with the following arguments: {'ament_cmake_args': None, 'build_base': '/home/malik/interbotix_moveit/build/emse_rx150_benchmarks', 'catkin_cmake_args': None, 'catkin_skip_building_tests': False, 'cmake_args': None, 'cmake_clean_cache': False, 'cmake_clean_first': False, 'cmake_force_configure': False, 'cmake_target': None, 'cmake_target_skip_unavailable': False, 'install_base': '/home/malik/interbotix_moveit/install/emse_rx150_benchmarks', 'merge_install': False, 'path': '/home/malik/interbotix_moveit/src/emse_rx150_benchmarks', 'symlink_install': False, 'test_result_base': None}
[0.880s] INFO:colcon.colcon_core.executor:Executing jobs using 'parallel' executor
[0.881s] DEBUG:colcon.colcon_parallel_executor.executor.parallel:run_until_complete
[0.882s] INFO:colcon.colcon_ros.task.ament_cmake.build:Building ROS package in '/home/malik/interbotix_moveit/src/emse_rx150_benchmarks' with build type 'ament_cmake'
[0.882s] INFO:colcon.colcon_cmake.task.cmake.build:Building CMake package in '/home/malik/interbotix_moveit/src/emse_rx150_benchmarks'
[0.886s] INFO:colcon.colcon_core.plugin_system:Skipping extension 'colcon_core.shell.bat': Not used on non-Windows systems
[0.886s] INFO:colcon.colcon_core.shell:Skip shell extension 'powershell' for command environment: Not usable outside of PowerShell
[0.886s] DEBUG:colcon.colcon_core.shell:Skip shell extension 'dsv' for command environment
[0.910s] DEBUG:colcon.colcon_core.event_handler.log_command:Invoking command in '/home/malik/interbotix_moveit/build/emse_rx150_benchmarks': CMAKE_PREFIX_PATH=${CMAKE_PREFIX_PATH}:/home/malik/interbotix_ws/install/interbotix_xs_modules:/home/malik/interbotix_ws/install/interbotix_perception_modules:/home/malik/interbotix_ws/install/interbotix_common_modules:/opt/ros/humble /usr/bin/cmake --build /home/malik/interbotix_moveit/build/emse_rx150_benchmarks -- -j4 -l4
[15.273s] DEBUG:colcon.colcon_core.event_handler.log_command:Invoked command in '/home/malik/interbotix_moveit/build/emse_rx150_benchmarks' returned '0': CMAKE_PREFIX_PATH=${CMAKE_PREFIX_PATH}:/home/malik/interbotix_ws/install/interbotix_xs_modules:/home/malik/interbotix_ws/install/interbotix_perception_modules:/home/malik/interbotix_ws/install/interbotix_common_modules:/opt/ros/humble /usr/bin/cmake --build /home/malik/interbotix_moveit/build/emse_rx150_benchmarks -- -j4 -l4
[15.383s] DEBUG:colcon.colcon_core.event_handler.log_command:Invoking command in '/home/malik/interbotix_moveit/build/emse_rx150_benchmarks': CMAKE_PREFIX_PATH=${CMAKE_PREFIX_PATH}:/home/malik/interbotix_ws/install/interbotix_xs_modules:/home/malik/interbotix_ws/install/interbotix_perception_modules:/home/malik/interbotix_ws/install/interbotix_common_modules:/opt/ros/humble /usr/bin/cmake --install /home/malik/interbotix_moveit/build/emse_rx150_benchmarks
[15.410s] Level 1:colcon.colcon_core.environment:create_environment_scripts_only(emse_rx150_benchmarks)
[15.416s] DEBUG:colcon.colcon_core.event_handler.log_command:Invoked command in '/home/malik/interbotix_moveit/build/emse_rx150_benchmarks' returned '0': CMAKE_PREFIX_PATH=${CMAKE_PREFIX_PATH}:/home/malik/interbotix_ws/install/interbotix_xs_modules:/home/malik/interbotix_ws/install/interbotix_perception_modules:/home/malik/interbotix_ws/install/interbotix_common_modules:/opt/ros/humble /usr/bin/cmake --install /home/malik/interbotix_moveit/build/emse_rx150_benchmarks
[15.419s] Level 1:colcon.colcon_core.environment:checking '/home/malik/interbotix_moveit/install/emse_rx150_benchmarks' for CMake module files
[15.420s] Level 1:colcon.colcon_core.environment:checking '/home/malik/interbotix_moveit/install/emse_rx150_benchmarks' for CMake config files
[15.420s] Level 1:colcon.colcon_core.shell:create_environment_hook('emse_rx150_benchmarks', 'cmake_prefix_path')
[15.421s] INFO:colcon.colcon_core.shell:Creating environment hook '/home/malik/interbotix_moveit/install/emse_rx150_benchmarks/share/emse_rx150_benchmarks/hook/cmake_prefix_path.ps1'
[15.421s] INFO:colcon.colcon_core.shell:Creating environment descriptor '/home/malik/interbotix_moveit/install/emse_rx150_benchmarks/share/emse_rx150_benchmarks/hook/cmake_prefix_path.dsv'
[15.422s] INFO:colcon.colcon_core.shell:Creating environment hook '/home/malik/interbotix_moveit/install/emse_rx150_benchmarks/share/emse_rx150_benchmarks/hook/cmake_prefix_path.sh'
[15.423s] Level 1:colcon.colcon_core.environment:checking '/home/malik/interbotix_moveit/install/emse_rx150_benchmarks/lib'
[15.424s] Level 1:colcon.colcon_core.shell:create_environment_hook('emse_rx150_benchmarks', 'ld_library_path_lib')
[15.424s] INFO:colcon.colcon_core.shell:Creating environment hook '/home/malik/interbotix_moveit/install/emse_rx150_benchmarks/share/emse_rx150_benchmarks/hook/ld_library_path_lib.ps1'
[15.424s] INFO:colcon.colcon_core.shell:Creating environment descriptor '/home/malik/interbotix_moveit/install/emse_rx150_benchmarks/share/emse_rx150_benchmarks/hook/ld_library_path_lib.dsv'
[15.425s] INFO:colcon.colcon_core.shell:Creating environment hook '/home/malik/interbotix_moveit/install/emse_rx150_benchmarks/share/emse_rx150_benchmarks/hook/ld_library_path_lib.sh'
[15.426s] Level 1:colcon.colcon_core.environment:checking '/home/malik/interbotix_moveit/install/emse_rx150_benchmarks/bin'
[15.426s] Level 1:colcon.colcon_core.environment:checking '/home/malik/interbotix_moveit/install/emse_rx150_benchmarks/lib/pkgconfig/emse_rx150_benchmarks.pc'
[15.426s] Level 1:colcon.colcon_core.environment:checking '/home/malik/interbotix_moveit/install/emse_rx150_benchmarks/lib/python3.10/site-packages'
[15.427s] Level 1:colcon.colcon_core.environment:checking '/home/malik/interbotix_moveit/install/emse_rx150_benchmarks/bin'
[15.427s] INFO:colcon.colcon_core.shell:Creating package script '/home/malik/interbotix_moveit/install/emse_rx150_benchmarks/share/emse_rx150_benchmarks/package.ps1'
[15.429s] INFO:colcon.colcon_core.shell:Creating package descriptor '/home/malik/interbotix_moveit/install/emse_rx150_benchmarks/share/emse_rx150_benchmarks/package.dsv'
[15.430s] INFO:colcon.colcon_core.shell:Creating package script '/home/malik/interbotix_moveit/install/emse_rx150_benchmarks/share/emse_rx150_benchmarks/package.sh'
[15.431s] INFO:colcon.colcon_core.shell:Creating package script '/home/malik/interbotix_moveit/install/emse_rx150_benchmarks/share/emse_rx150_benchmarks/package.bash'
[15.433s] INFO:colcon.colcon_core.shell:Creating package script '/home/malik/interbotix_moveit/install/emse_rx150_benchmarks/share/emse_rx150_benchmarks/package.zsh'
[15.435s] Level 1:colcon.colcon_core.environment:create_file_with_runtime_dependencies(/home/malik/interbotix_moveit/install/emse_rx150_benchmarks/share/colcon-core/packages/emse_rx150_benchmarks)
[15.527s] Level 1:colcon.colcon_core.environment:create_environment_scripts_only(emse_rx150_benchmarks)
[15.528s] Level 1:colcon.colcon_core.environment:checking '/home/malik/interbotix_moveit/install/emse_rx150_benchmarks' for CMake module files
[15.529s] Level 1:colcon.colcon_core.environment:checking '/home/malik/interbotix_moveit/install/emse_rx150_benchmarks' for CMake config files
[15.530s] Level 1:colcon.colcon_core.shell:create_environment_hook('emse_rx150_benchmarks', 'cmake_prefix_path')
[15.530s] INFO:colcon.colcon_core.shell:Creating environment hook '/home/malik/interbotix_moveit/install/emse_rx150_benchmarks/share/emse_rx150_benchmarks/hook/cmake_prefix_path.ps1'
[15.531s] INFO:colcon.colcon_core.shell:Creating environment descriptor '/home/malik/interbotix_moveit/install/emse_rx150_benchmarks/share/emse_rx150_benchmarks/hook/cmake_prefix_path.dsv'
[15.532s] INFO:colcon.colcon_core.shell:Creating environment hook '/home/malik/interbotix_moveit/install/emse_rx150_benchmarks/share/emse_rx150_benchmarks/hook/cmake_prefix_path.sh'
[15.533s] Level 1:colcon.colcon_core.environment:checking '/home/malik/interbotix_moveit/install/emse_rx150_benchmarks/lib'
[15.533s] Level 1:colcon.colcon_core.shell:create_environment_hook('emse_rx150_benchmarks', 'ld_library_path_lib')
[15.533s] INFO:colcon.colcon_core.shell:Creating environment hook '/home/malik/interbotix_moveit/install/emse_rx150_benchmarks/share/emse_rx150_benchmarks/hook/ld_library_path_lib.ps1'
[15.534s] INFO:colcon.colcon_core.shell:Creating environment descriptor '/home/malik/interbotix_moveit/install/emse_rx150_benchmarks/share/emse_rx150_benchmarks/hook/ld_library_path_lib.dsv'
[15.534s] INFO:colcon.colcon_core.shell:Creating environment hook '/home/malik/interbotix_moveit/install/emse_rx150_benchmarks/share/emse_rx150_benchmarks/hook/ld_library_path_lib.sh'
[15.535s] Level 1:colcon.colcon_core.environment:checking '/home/malik/interbotix_moveit/install/emse_rx150_benchmarks/bin'
[15.535s] Level 1:colcon.colcon_core.environment:checking '/home/malik/interbotix_moveit/install/emse_rx150_benchmarks/lib/pkgconfig/emse_rx150_benchmarks.pc'
[15.535s] Level 1:colcon.colcon_core.environment:checking '/home/malik/interbotix_moveit/install/emse_rx150_benchmarks/lib/python3.10/site-packages'
[15.536s] Level 1:colcon.colcon_core.environment:checking '/home/malik/interbotix_moveit/install/emse_rx150_benchmarks/bin'
[15.536s] INFO:colcon.colcon_core.shell:Creating package script '/home/malik/interbotix_moveit/install/emse_rx150_benchmarks/share/emse_rx150_benchmarks/package.ps1'
[15.537s] INFO:colcon.colcon_core.shell:Creating package descriptor '/home/malik/interbotix_moveit/install/emse_rx150_benchmarks/share/emse_rx150_benchmarks/package.dsv'
[15.538s] INFO:colcon.colcon_core.shell:Creating package script '/home/malik/interbotix_moveit/install/emse_rx150_benchmarks/share/emse_rx150_benchmarks/package.sh'
[15.539s] INFO:colcon.colcon_core.shell:Creating package script '/home/malik/interbotix_moveit/install/emse_rx150_benchmarks/share/emse_rx150_benchmarks/package.bash'
[15.539s] INFO:colcon.colcon_core.shell:Creating package script '/home/malik/interbotix_moveit/install/emse_rx150_benchmarks/share/emse_rx150_benchmarks/package.zsh'
[15.540s] Level 1:colcon.colcon_core.environment:create_file_with_runtime_dependencies(/home/malik/interbotix_moveit/install/emse_rx150_benchmarks/share/colcon-core/packages/emse_rx150_benchmarks)
[15.540s] DEBUG:colcon.colcon_parallel_executor.executor.parallel:closing loop
[15.541s] DEBUG:colcon.colcon_parallel_executor.executor.parallel:loop closed
[15.541s] DEBUG:colcon.colcon_parallel_executor.executor.parallel:run_until_complete finished with '0'
[15.541s] DEBUG:colcon.colcon_core.event_reactor:joining thread
[15.553s] INFO:colcon.colcon_core.plugin_system:Skipping extension 'colcon_notification.desktop_notification.terminal_notifier': Not used on non-Darwin systems
[15.553s] INFO:colcon.colcon_core.plugin_system:Skipping extension 'colcon_notification.desktop_notification.win32': Not used on non-Windows systems
[15.553s] INFO:colcon.colcon_notification.desktop_notification:Sending desktop notification using 'notify2'
[15.572s] DEBUG:colcon.colcon_core.event_reactor:joined thread
[15.572s] INFO:colcon.colcon_core.shell:Creating prefix script '/home/malik/interbotix_moveit/install/local_setup.ps1'
[15.574s] INFO:colcon.colcon_core.shell:Creating prefix util module '/home/malik/interbotix_moveit/install/_local_setup_util_ps1.py'
[15.579s] INFO:colcon.colcon_core.shell:Creating prefix chain script '/home/malik/interbotix_moveit/install/setup.ps1'
[15.711s] INFO:colcon.colcon_core.shell:Creating prefix script '/home/malik/interbotix_moveit/install/local_setup.sh'
[15.713s] INFO:colcon.colcon_core.shell:Creating prefix util module '/home/malik/interbotix_moveit/install/_local_setup_util_sh.py'
[15.715s] INFO:colcon.colcon_core.shell:Creating prefix chain script '/home/malik/interbotix_moveit/install/setup.sh'
[15.721s] INFO:colcon.colcon_core.shell:Creating prefix script '/home/malik/interbotix_moveit/install/local_setup.bash'
[15.723s] INFO:colcon.colcon_core.shell:Creating prefix chain script '/home/malik/interbotix_moveit/install/setup.bash'
[15.727s] INFO:colcon.colcon_core.shell:Creating prefix script '/home/malik/interbotix_moveit/install/local_setup.zsh'
[15.728s] INFO:colcon.colcon_core.shell:Creating prefix chain script '/home/malik/interbotix_moveit/install/setup.zsh'
