[0.121s] Invoking command in '/home/malik/interbotix_moveit/build/emse_rx150_moveit_config': CMAKE_PREFIX_PATH=${CMAKE_PREFIX_PATH}:/home/malik/interbotix_ws/install/interbotix_xs_modules:/home/malik/interbotix_ws/install/interbotix_perception_modules:/home/malik/interbotix_ws/install/interbotix_common_modules:/opt/ros/humble /usr/bin/cmake --build /home/malik/interbotix_moveit/build/emse_rx150_moveit_config -- -j4 -l4
[0.772s] Invoked command in '/home/malik/interbotix_moveit/build/emse_rx150_moveit_config' returned '0': CMAKE_PREFIX_PATH=${CMAKE_PREFIX_PATH}:/home/malik/interbotix_ws/install/interbotix_xs_modules:/home/malik/interbotix_ws/install/interbotix_perception_modules:/home/malik/interbotix_ws/install/interbotix_common_modules:/opt/ros/humble /usr/bin/cmake --build /home/malik/interbotix_moveit/build/emse_rx150_moveit_config -- -j4 -l4
[0.851s] Invoking command in '/home/malik/interbotix_moveit/build/emse_rx150_moveit_config': CMAKE_PREFIX_PATH=${CMAKE_PREFIX_PATH}:/home/malik/interbotix_ws/install/interbotix_xs_modules:/home/malik/interbotix_ws/install/interbotix_perception_modules:/home/malik/interbotix_ws/install/interbotix_common_modules:/opt/ros/humble /usr/bin/cmake --install /home/malik/interbotix_moveit/build/emse_rx150_moveit_config
[0.940s] -- Install configuration: ""
[0.941s] -- Up-to-date: /home/malik/interbotix_moveit/install/emse_rx150_moveit_config/share/ament_index/resource_index/package_run_dependencies/emse_rx150_moveit_config
[0.979s] -- Up-to-date: /home/malik/interbotix_moveit/install/emse_rx150_moveit_config/share/ament_index/resource_index/parent_prefix_path/emse_rx150_moveit_config
[1.023s] -- Up-to-date: /home/malik/interbotix_moveit/install/emse_rx150_moveit_config/share/emse_rx150_moveit_config/environment/ament_prefix_path.sh
[1.024s] -- Up-to-date: /home/malik/interbotix_moveit/install/emse_rx150_moveit_config/share/emse_rx150_moveit_config/environment/ament_prefix_path.dsv
[1.024s] -- Up-to-date: /home/malik/interbotix_moveit/install/emse_rx150_moveit_config/share/emse_rx150_moveit_config/environment/path.sh
[1.033s] -- Up-to-date: /home/malik/interbotix_moveit/install/emse_rx150_moveit_config/share/emse_rx150_moveit_config/environment/path.dsv
[1.061s] -- Up-to-date: /home/malik/interbotix_moveit/install/emse_rx150_moveit_config/share/emse_rx150_moveit_config/local_setup.bash
[1.062s] -- Up-to-date: /home/malik/interbotix_moveit/install/emse_rx150_moveit_config/share/emse_rx150_moveit_config/local_setup.sh
[1.062s] -- Up-to-date: /home/malik/interbotix_moveit/install/emse_rx150_moveit_config/share/emse_rx150_moveit_config/local_setup.zsh
[1.062s] -- Up-to-date: /home/malik/interbotix_moveit/install/emse_rx150_moveit_config/share/emse_rx150_moveit_config/local_setup.dsv
[1.062s] -- Up-to-date: /home/malik/interbotix_moveit/install/emse_rx150_moveit_config/share/emse_rx150_moveit_config/package.dsv
[1.062s] -- Up-to-date: /home/malik/interbotix_moveit/install/emse_rx150_moveit_config/share/ament_index/resource_index/packages/emse_rx150_moveit_config
[1.087s] -- Up-to-date: /home/malik/interbotix_moveit/install/emse_rx150_moveit_config/share/emse_rx150_moveit_config/cmake/emse_rx150_moveit_configConfig.cmake
[1.088s] -- Up-to-date: /home/malik/interbotix_moveit/install/emse_rx150_moveit_config/share/emse_rx150_moveit_config/cmake/emse_rx150_moveit_configConfig-version.cmake
[1.088s] -- Up-to-date: /home/malik/interbotix_moveit/install/emse_rx150_moveit_config/share/emse_rx150_moveit_config/package.xml
[1.088s] -- Up-to-date: /home/malik/interbotix_moveit/install/emse_rx150_moveit_config/share/emse_rx150_moveit_config/launch
[1.139s] -- Up-to-date: /home/malik/interbotix_moveit/install/emse_rx150_moveit_config/share/emse_rx150_moveit_config/launch/test.launch.py
[1.140s] -- Up-to-date: /home/malik/interbotix_moveit/install/emse_rx150_moveit_config/share/emse_rx150_moveit_config/config
[1.152s] -- Up-to-date: /home/malik/interbotix_moveit/install/emse_rx150_moveit_config/share/emse_rx150_moveit_config/config/srdf
[1.225s] -- Up-to-date: /home/malik/interbotix_moveit/install/emse_rx150_moveit_config/share/emse_rx150_moveit_config/config/srdf/rx150.srdf
[1.226s] -- Up-to-date: /home/malik/interbotix_moveit/install/emse_rx150_moveit_config/share/emse_rx150_moveit_config/config/sensors_3d.yaml
[1.227s] -- Up-to-date: /home/malik/interbotix_moveit/install/emse_rx150_moveit_config/share/emse_rx150_moveit_config/config/rx150.ros2_control.xacro
[1.227s] -- Up-to-date: /home/malik/interbotix_moveit/install/emse_rx150_moveit_config/share/emse_rx150_moveit_config/config/kinematics.yaml
[1.228s] -- Up-to-date: /home/malik/interbotix_moveit/install/emse_rx150_moveit_config/share/emse_rx150_moveit_config/config/ros2_controllers.yaml
[1.229s] -- Up-to-date: /home/malik/interbotix_moveit/install/emse_rx150_moveit_config/share/emse_rx150_moveit_config/config/joint_limits.yaml
[1.229s] -- Up-to-date: /home/malik/interbotix_moveit/install/emse_rx150_moveit_config/share/emse_rx150_moveit_config/config/moveit_controllers.yaml
[1.229s] -- Up-to-date: /home/malik/interbotix_moveit/install/emse_rx150_moveit_config/share/emse_rx150_moveit_config/config/moveit.rviz
[1.229s] -- Up-to-date: /home/malik/interbotix_moveit/install/emse_rx150_moveit_config/share/emse_rx150_moveit_config/config/ompl_planning.yaml
[1.229s] -- Up-to-date: /home/malik/interbotix_moveit/install/emse_rx150_moveit_config/share/emse_rx150_moveit_config/config/rx150.urdf.xacro
[1.229s] -- Up-to-date: /home/malik/interbotix_moveit/install/emse_rx150_moveit_config/share/emse_rx150_moveit_config/config/initial_positions.yaml
[1.230s] -- Up-to-date: /home/malik/interbotix_moveit/install/emse_rx150_moveit_config/share/emse_rx150_moveit_config/config/pilz_cartesian_limits.yaml
[1.248s] Invoked command in '/home/malik/interbotix_moveit/build/emse_rx150_moveit_config' returned '0': CMAKE_PREFIX_PATH=${CMAKE_PREFIX_PATH}:/home/malik/interbotix_ws/install/interbotix_xs_modules:/home/malik/interbotix_ws/install/interbotix_perception_modules:/home/malik/interbotix_ws/install/interbotix_common_modules:/opt/ros/humble /usr/bin/cmake --install /home/malik/interbotix_moveit/build/emse_rx150_moveit_config
