[0.142s] Invoking command in '/home/malik/interbotix_moveit/build/emse_moveit_actions': CMAKE_PREFIX_PATH=${CMAKE_PREFIX_PATH}:/home/malik/interbotix_ws/install/interbotix_xs_modules:/home/malik/interbotix_ws/install/interbotix_perception_modules:/home/malik/interbotix_ws/install/interbotix_common_modules:/opt/ros/humble /usr/bin/cmake --build /home/malik/interbotix_moveit/build/emse_moveit_actions -- -j4 -l4
[1.590s] [  3%] Built target emse_moveit_actions__cpp
[1.597s] [  3%] Built target ament_cmake_python_copy_emse_moveit_actions
[1.599s] [35m[1mConsolidate compiler generated dependencies of target emse_moveit_actions__rosidl_generator_c[0m
[1.632s] [35m[1mConsolidate compiler generated dependencies of target emse_moveit_actions__rosidl_typesupport_cpp[0m
[1.643s] [35m[1mConsolidate compiler generated dependencies of target emse_moveit_actions__rosidl_typesupport_introspection_cpp[0m
[1.644s] [35m[1mConsolidate compiler generated dependencies of target emse_moveit_actions__rosidl_typesupport_fastrtps_cpp[0m
[1.673s] [ 12%] Built target emse_moveit_actions__rosidl_typesupport_cpp
[1.681s] [ 22%] Built target emse_moveit_actions__rosidl_typesupport_introspection_cpp
[1.702s] [ 32%] Built target emse_moveit_actions__rosidl_generator_c
[1.725s] [ 41%] Built target emse_moveit_actions__rosidl_typesupport_fastrtps_cpp
[1.744s] [35m[1mConsolidate compiler generated dependencies of target emse_moveit_actions__rosidl_typesupport_introspection_c[0m
[1.744s] [35m[1mConsolidate compiler generated dependencies of target emse_moveit_actions__rosidl_typesupport_fastrtps_c[0m
[1.767s] [35m[1mConsolidate compiler generated dependencies of target emse_moveit_actions__rosidl_typesupport_c[0m
[1.788s] [ 51%] Built target emse_moveit_actions__rosidl_typesupport_fastrtps_c
[1.799s] [ 61%] Built target emse_moveit_actions__rosidl_typesupport_c
[1.801s] [ 70%] Built target emse_moveit_actions__rosidl_typesupport_introspection_c
[1.865s] [ 70%] Built target emse_moveit_actions
[1.912s] [ 74%] Built target emse_moveit_actions__py
[1.937s] [35m[1mConsolidate compiler generated dependencies of target emse_moveit_actions__rosidl_generator_py[0m
[2.162s] [ 80%] Built target emse_moveit_actions__rosidl_generator_py
[2.195s] [35m[1mConsolidate compiler generated dependencies of target emse_moveit_actions__rosidl_typesupport_fastrtps_c__pyext[0m
[2.195s] [35m[1mConsolidate compiler generated dependencies of target emse_moveit_actions__rosidl_typesupport_introspection_c__pyext[0m
[2.198s] [35m[1mConsolidate compiler generated dependencies of target emse_moveit_actions__rosidl_typesupport_c__pyext[0m
[2.236s] [ 93%] Built target emse_moveit_actions__rosidl_typesupport_fastrtps_c__pyext
[2.236s] [ 93%] Built target emse_moveit_actions__rosidl_typesupport_introspection_c__pyext
[2.237s] [100%] Built target emse_moveit_actions__rosidl_typesupport_c__pyext
[2.427s] running egg_info
[2.430s] writing emse_moveit_actions.egg-info/PKG-INFO
[2.431s] writing dependency_links to emse_moveit_actions.egg-info/dependency_links.txt
[2.432s] writing top-level names to emse_moveit_actions.egg-info/top_level.txt
[2.468s] reading manifest file 'emse_moveit_actions.egg-info/SOURCES.txt'
[2.504s] writing manifest file 'emse_moveit_actions.egg-info/SOURCES.txt'
[2.578s] [100%] Built target ament_cmake_python_build_emse_moveit_actions_egg
[2.597s] Invoked command in '/home/malik/interbotix_moveit/build/emse_moveit_actions' returned '0': CMAKE_PREFIX_PATH=${CMAKE_PREFIX_PATH}:/home/malik/interbotix_ws/install/interbotix_xs_modules:/home/malik/interbotix_ws/install/interbotix_perception_modules:/home/malik/interbotix_ws/install/interbotix_common_modules:/opt/ros/humble /usr/bin/cmake --build /home/malik/interbotix_moveit/build/emse_moveit_actions -- -j4 -l4
[2.752s] Invoking command in '/home/malik/interbotix_moveit/build/emse_moveit_actions': CMAKE_PREFIX_PATH=${CMAKE_PREFIX_PATH}:/home/malik/interbotix_ws/install/interbotix_xs_modules:/home/malik/interbotix_ws/install/interbotix_perception_modules:/home/malik/interbotix_ws/install/interbotix_common_modules:/opt/ros/humble /usr/bin/cmake --install /home/malik/interbotix_moveit/build/emse_moveit_actions
[2.769s] -- Install configuration: ""
[2.770s] -- Up-to-date: /home/malik/interbotix_moveit/install/emse_moveit_actions/share/ament_index/resource_index/rosidl_interfaces/emse_moveit_actions
[2.770s] -- Up-to-date: /home/malik/interbotix_moveit/install/emse_moveit_actions/include/emse_moveit_actions/emse_moveit_actions
[2.770s] -- Up-to-date: /home/malik/interbotix_moveit/install/emse_moveit_actions/include/emse_moveit_actions/emse_moveit_actions/msg
[2.771s] -- Up-to-date: /home/malik/interbotix_moveit/install/emse_moveit_actions/include/emse_moveit_actions/emse_moveit_actions/msg/rosidl_generator_c__visibility_control.h
[2.771s] -- Up-to-date: /home/malik/interbotix_moveit/install/emse_moveit_actions/include/emse_moveit_actions/emse_moveit_actions/action
[2.771s] -- Up-to-date: /home/malik/interbotix_moveit/install/emse_moveit_actions/include/emse_moveit_actions/emse_moveit_actions/action/detail
[2.771s] -- Up-to-date: /home/malik/interbotix_moveit/install/emse_moveit_actions/include/emse_moveit_actions/emse_moveit_actions/action/detail/reach_pose__functions.c
[2.771s] -- Up-to-date: /home/malik/interbotix_moveit/install/emse_moveit_actions/include/emse_moveit_actions/emse_moveit_actions/action/detail/reach_pose__struct.h
[2.772s] -- Up-to-date: /home/malik/interbotix_moveit/install/emse_moveit_actions/include/emse_moveit_actions/emse_moveit_actions/action/detail/reach_pose__functions.h
[2.772s] -- Up-to-date: /home/malik/interbotix_moveit/install/emse_moveit_actions/include/emse_moveit_actions/emse_moveit_actions/action/detail/reach_pose__type_support.h
[2.773s] -- Up-to-date: /home/malik/interbotix_moveit/install/emse_moveit_actions/include/emse_moveit_actions/emse_moveit_actions/action/reach_pose.h
[2.773s] -- Up-to-date: /home/malik/interbotix_moveit/install/emse_moveit_actions/share/emse_moveit_actions/environment/library_path.sh
[2.774s] -- Up-to-date: /home/malik/interbotix_moveit/install/emse_moveit_actions/share/emse_moveit_actions/environment/library_path.dsv
[2.774s] -- Up-to-date: /home/malik/interbotix_moveit/install/emse_moveit_actions/lib/libemse_moveit_actions__rosidl_generator_c.so
[2.775s] -- Up-to-date: /home/malik/interbotix_moveit/install/emse_moveit_actions/include/emse_moveit_actions/emse_moveit_actions
[2.775s] -- Up-to-date: /home/malik/interbotix_moveit/install/emse_moveit_actions/include/emse_moveit_actions/emse_moveit_actions/msg
[2.775s] -- Up-to-date: /home/malik/interbotix_moveit/install/emse_moveit_actions/include/emse_moveit_actions/emse_moveit_actions/msg/rosidl_typesupport_fastrtps_c__visibility_control.h
[2.775s] -- Up-to-date: /home/malik/interbotix_moveit/install/emse_moveit_actions/include/emse_moveit_actions/emse_moveit_actions/action
[2.776s] -- Up-to-date: /home/malik/interbotix_moveit/install/emse_moveit_actions/include/emse_moveit_actions/emse_moveit_actions/action/detail
[2.776s] -- Up-to-date: /home/malik/interbotix_moveit/install/emse_moveit_actions/include/emse_moveit_actions/emse_moveit_actions/action/detail/reach_pose__rosidl_typesupport_fastrtps_c.h
[2.776s] -- Up-to-date: /home/malik/interbotix_moveit/install/emse_moveit_actions/lib/libemse_moveit_actions__rosidl_typesupport_fastrtps_c.so
[2.776s] -- Up-to-date: /home/malik/interbotix_moveit/install/emse_moveit_actions/include/emse_moveit_actions/emse_moveit_actions
[2.777s] -- Up-to-date: /home/malik/interbotix_moveit/install/emse_moveit_actions/include/emse_moveit_actions/emse_moveit_actions/msg
[2.777s] -- Up-to-date: /home/malik/interbotix_moveit/install/emse_moveit_actions/include/emse_moveit_actions/emse_moveit_actions/msg/rosidl_typesupport_introspection_c__visibility_control.h
[2.777s] -- Up-to-date: /home/malik/interbotix_moveit/install/emse_moveit_actions/include/emse_moveit_actions/emse_moveit_actions/action
[2.777s] -- Up-to-date: /home/malik/interbotix_moveit/install/emse_moveit_actions/include/emse_moveit_actions/emse_moveit_actions/action/detail
[2.778s] -- Up-to-date: /home/malik/interbotix_moveit/install/emse_moveit_actions/include/emse_moveit_actions/emse_moveit_actions/action/detail/reach_pose__rosidl_typesupport_introspection_c.h
[2.778s] -- Up-to-date: /home/malik/interbotix_moveit/install/emse_moveit_actions/include/emse_moveit_actions/emse_moveit_actions/action/detail/reach_pose__type_support.c
[2.778s] -- Up-to-date: /home/malik/interbotix_moveit/install/emse_moveit_actions/lib/libemse_moveit_actions__rosidl_typesupport_introspection_c.so
[2.779s] -- Up-to-date: /home/malik/interbotix_moveit/install/emse_moveit_actions/lib/libemse_moveit_actions__rosidl_typesupport_c.so
[2.779s] -- Up-to-date: /home/malik/interbotix_moveit/install/emse_moveit_actions/include/emse_moveit_actions/emse_moveit_actions
[2.779s] -- Up-to-date: /home/malik/interbotix_moveit/install/emse_moveit_actions/include/emse_moveit_actions/emse_moveit_actions/action
[2.779s] -- Up-to-date: /home/malik/interbotix_moveit/install/emse_moveit_actions/include/emse_moveit_actions/emse_moveit_actions/action/detail
[2.780s] -- Up-to-date: /home/malik/interbotix_moveit/install/emse_moveit_actions/include/emse_moveit_actions/emse_moveit_actions/action/detail/reach_pose__builder.hpp
[2.780s] -- Up-to-date: /home/malik/interbotix_moveit/install/emse_moveit_actions/include/emse_moveit_actions/emse_moveit_actions/action/detail/reach_pose__traits.hpp
[2.780s] -- Up-to-date: /home/malik/interbotix_moveit/install/emse_moveit_actions/include/emse_moveit_actions/emse_moveit_actions/action/detail/reach_pose__struct.hpp
[2.780s] -- Up-to-date: /home/malik/interbotix_moveit/install/emse_moveit_actions/include/emse_moveit_actions/emse_moveit_actions/action/reach_pose.hpp
[2.780s] -- Up-to-date: /home/malik/interbotix_moveit/install/emse_moveit_actions/include/emse_moveit_actions/emse_moveit_actions
[2.781s] -- Up-to-date: /home/malik/interbotix_moveit/install/emse_moveit_actions/include/emse_moveit_actions/emse_moveit_actions/msg
[2.781s] -- Up-to-date: /home/malik/interbotix_moveit/install/emse_moveit_actions/include/emse_moveit_actions/emse_moveit_actions/msg/rosidl_typesupport_fastrtps_cpp__visibility_control.h
[2.781s] -- Up-to-date: /home/malik/interbotix_moveit/install/emse_moveit_actions/include/emse_moveit_actions/emse_moveit_actions/action
[2.782s] -- Up-to-date: /home/malik/interbotix_moveit/install/emse_moveit_actions/include/emse_moveit_actions/emse_moveit_actions/action/detail
[2.782s] -- Up-to-date: /home/malik/interbotix_moveit/install/emse_moveit_actions/include/emse_moveit_actions/emse_moveit_actions/action/detail/dds_fastrtps
[2.782s] -- Up-to-date: /home/malik/interbotix_moveit/install/emse_moveit_actions/include/emse_moveit_actions/emse_moveit_actions/action/detail/reach_pose__rosidl_typesupport_fastrtps_cpp.hpp
[2.782s] -- Up-to-date: /home/malik/interbotix_moveit/install/emse_moveit_actions/lib/libemse_moveit_actions__rosidl_typesupport_fastrtps_cpp.so
[2.782s] -- Up-to-date: /home/malik/interbotix_moveit/install/emse_moveit_actions/include/emse_moveit_actions/emse_moveit_actions
[2.783s] -- Up-to-date: /home/malik/interbotix_moveit/install/emse_moveit_actions/include/emse_moveit_actions/emse_moveit_actions/action
[2.783s] -- Up-to-date: /home/malik/interbotix_moveit/install/emse_moveit_actions/include/emse_moveit_actions/emse_moveit_actions/action/detail
[2.783s] -- Up-to-date: /home/malik/interbotix_moveit/install/emse_moveit_actions/include/emse_moveit_actions/emse_moveit_actions/action/detail/reach_pose__rosidl_typesupport_introspection_cpp.hpp
[2.783s] -- Up-to-date: /home/malik/interbotix_moveit/install/emse_moveit_actions/include/emse_moveit_actions/emse_moveit_actions/action/detail/reach_pose__type_support.cpp
[2.784s] -- Up-to-date: /home/malik/interbotix_moveit/install/emse_moveit_actions/lib/libemse_moveit_actions__rosidl_typesupport_introspection_cpp.so
[2.784s] -- Up-to-date: /home/malik/interbotix_moveit/install/emse_moveit_actions/lib/libemse_moveit_actions__rosidl_typesupport_cpp.so
[2.784s] -- Up-to-date: /home/malik/interbotix_moveit/install/emse_moveit_actions/share/emse_moveit_actions/environment/pythonpath.sh
[2.784s] -- Up-to-date: /home/malik/interbotix_moveit/install/emse_moveit_actions/share/emse_moveit_actions/environment/pythonpath.dsv
[2.784s] -- Up-to-date: /home/malik/interbotix_moveit/install/emse_moveit_actions/local/lib/python3.10/dist-packages/emse_moveit_actions-0.0.0-py3.10.egg-info
[2.784s] -- Installing: /home/malik/interbotix_moveit/install/emse_moveit_actions/local/lib/python3.10/dist-packages/emse_moveit_actions-0.0.0-py3.10.egg-info/top_level.txt
[2.784s] -- Installing: /home/malik/interbotix_moveit/install/emse_moveit_actions/local/lib/python3.10/dist-packages/emse_moveit_actions-0.0.0-py3.10.egg-info/SOURCES.txt
[2.785s] -- Installing: /home/malik/interbotix_moveit/install/emse_moveit_actions/local/lib/python3.10/dist-packages/emse_moveit_actions-0.0.0-py3.10.egg-info/PKG-INFO
[2.785s] -- Installing: /home/malik/interbotix_moveit/install/emse_moveit_actions/local/lib/python3.10/dist-packages/emse_moveit_actions-0.0.0-py3.10.egg-info/dependency_links.txt
[2.785s] -- Up-to-date: /home/malik/interbotix_moveit/install/emse_moveit_actions/local/lib/python3.10/dist-packages/emse_moveit_actions
[2.785s] -- Up-to-date: /home/malik/interbotix_moveit/install/emse_moveit_actions/local/lib/python3.10/dist-packages/emse_moveit_actions/emse_moveit_actions_s__rosidl_typesupport_introspection_c.cpython-310-x86_64-linux-gnu.so
[2.785s] -- Up-to-date: /home/malik/interbotix_moveit/install/emse_moveit_actions/local/lib/python3.10/dist-packages/emse_moveit_actions/_emse_moveit_actions_s.ep.rosidl_typesupport_c.c
[2.785s] -- Up-to-date: /home/malik/interbotix_moveit/install/emse_moveit_actions/local/lib/python3.10/dist-packages/emse_moveit_actions/__init__.py
[2.785s] -- Up-to-date: /home/malik/interbotix_moveit/install/emse_moveit_actions/local/lib/python3.10/dist-packages/emse_moveit_actions/emse_moveit_actions_s__rosidl_typesupport_fastrtps_c.cpython-310-x86_64-linux-gnu.so
[2.785s] -- Up-to-date: /home/malik/interbotix_moveit/install/emse_moveit_actions/local/lib/python3.10/dist-packages/emse_moveit_actions/libemse_moveit_actions__rosidl_generator_py.so
[2.786s] -- Up-to-date: /home/malik/interbotix_moveit/install/emse_moveit_actions/local/lib/python3.10/dist-packages/emse_moveit_actions/action
[2.786s] -- Up-to-date: /home/malik/interbotix_moveit/install/emse_moveit_actions/local/lib/python3.10/dist-packages/emse_moveit_actions/action/__init__.py
[2.786s] -- Up-to-date: /home/malik/interbotix_moveit/install/emse_moveit_actions/local/lib/python3.10/dist-packages/emse_moveit_actions/action/_reach_pose.py
[2.786s] -- Up-to-date: /home/malik/interbotix_moveit/install/emse_moveit_actions/local/lib/python3.10/dist-packages/emse_moveit_actions/action/_reach_pose_s.c
[2.786s] -- Up-to-date: /home/malik/interbotix_moveit/install/emse_moveit_actions/local/lib/python3.10/dist-packages/emse_moveit_actions/emse_moveit_actions_s__rosidl_typesupport_c.cpython-310-x86_64-linux-gnu.so
[2.786s] -- Up-to-date: /home/malik/interbotix_moveit/install/emse_moveit_actions/local/lib/python3.10/dist-packages/emse_moveit_actions/_emse_moveit_actions_s.ep.rosidl_typesupport_fastrtps_c.c
[2.786s] -- Up-to-date: /home/malik/interbotix_moveit/install/emse_moveit_actions/local/lib/python3.10/dist-packages/emse_moveit_actions/_emse_moveit_actions_s.ep.rosidl_typesupport_introspection_c.c
[2.949s] Listing '/home/malik/interbotix_moveit/install/emse_moveit_actions/local/lib/python3.10/dist-packages/emse_moveit_actions'...
[2.949s] Listing '/home/malik/interbotix_moveit/install/emse_moveit_actions/local/lib/python3.10/dist-packages/emse_moveit_actions/action'...
[2.972s] -- Up-to-date: /home/malik/interbotix_moveit/install/emse_moveit_actions/local/lib/python3.10/dist-packages/emse_moveit_actions/emse_moveit_actions_s__rosidl_typesupport_fastrtps_c.cpython-310-x86_64-linux-gnu.so
[2.975s] -- Up-to-date: /home/malik/interbotix_moveit/install/emse_moveit_actions/local/lib/python3.10/dist-packages/emse_moveit_actions/emse_moveit_actions_s__rosidl_typesupport_introspection_c.cpython-310-x86_64-linux-gnu.so
[2.977s] -- Up-to-date: /home/malik/interbotix_moveit/install/emse_moveit_actions/local/lib/python3.10/dist-packages/emse_moveit_actions/emse_moveit_actions_s__rosidl_typesupport_c.cpython-310-x86_64-linux-gnu.so
[2.979s] -- Up-to-date: /home/malik/interbotix_moveit/install/emse_moveit_actions/lib/libemse_moveit_actions__rosidl_generator_py.so
[2.980s] -- Up-to-date: /home/malik/interbotix_moveit/install/emse_moveit_actions/share/emse_moveit_actions/action/ReachPose.idl
[2.981s] -- Up-to-date: /home/malik/interbotix_moveit/install/emse_moveit_actions/share/emse_moveit_actions/action/ReachPose.action
[2.981s] -- Up-to-date: /home/malik/interbotix_moveit/install/emse_moveit_actions/share/ament_index/resource_index/package_run_dependencies/emse_moveit_actions
[2.982s] -- Up-to-date: /home/malik/interbotix_moveit/install/emse_moveit_actions/share/ament_index/resource_index/parent_prefix_path/emse_moveit_actions
[2.982s] -- Up-to-date: /home/malik/interbotix_moveit/install/emse_moveit_actions/share/emse_moveit_actions/environment/ament_prefix_path.sh
[2.983s] -- Up-to-date: /home/malik/interbotix_moveit/install/emse_moveit_actions/share/emse_moveit_actions/environment/ament_prefix_path.dsv
[2.984s] -- Up-to-date: /home/malik/interbotix_moveit/install/emse_moveit_actions/share/emse_moveit_actions/environment/path.sh
[2.984s] -- Up-to-date: /home/malik/interbotix_moveit/install/emse_moveit_actions/share/emse_moveit_actions/environment/path.dsv
[2.985s] -- Up-to-date: /home/malik/interbotix_moveit/install/emse_moveit_actions/share/emse_moveit_actions/local_setup.bash
[2.985s] -- Up-to-date: /home/malik/interbotix_moveit/install/emse_moveit_actions/share/emse_moveit_actions/local_setup.sh
[2.985s] -- Up-to-date: /home/malik/interbotix_moveit/install/emse_moveit_actions/share/emse_moveit_actions/local_setup.zsh
[2.986s] -- Up-to-date: /home/malik/interbotix_moveit/install/emse_moveit_actions/share/emse_moveit_actions/local_setup.dsv
[2.986s] -- Installing: /home/malik/interbotix_moveit/install/emse_moveit_actions/share/emse_moveit_actions/package.dsv
[2.992s] -- Up-to-date: /home/malik/interbotix_moveit/install/emse_moveit_actions/share/ament_index/resource_index/packages/emse_moveit_actions
[2.994s] -- Up-to-date: /home/malik/interbotix_moveit/install/emse_moveit_actions/share/emse_moveit_actions/cmake/export_emse_moveit_actions__rosidl_generator_cExport.cmake
[2.994s] -- Up-to-date: /home/malik/interbotix_moveit/install/emse_moveit_actions/share/emse_moveit_actions/cmake/export_emse_moveit_actions__rosidl_generator_cExport-noconfig.cmake
[2.995s] -- Up-to-date: /home/malik/interbotix_moveit/install/emse_moveit_actions/share/emse_moveit_actions/cmake/export_emse_moveit_actions__rosidl_typesupport_fastrtps_cExport.cmake
[2.995s] -- Up-to-date: /home/malik/interbotix_moveit/install/emse_moveit_actions/share/emse_moveit_actions/cmake/export_emse_moveit_actions__rosidl_typesupport_fastrtps_cExport-noconfig.cmake
[2.996s] -- Up-to-date: /home/malik/interbotix_moveit/install/emse_moveit_actions/share/emse_moveit_actions/cmake/emse_moveit_actions__rosidl_typesupport_introspection_cExport.cmake
[2.996s] -- Up-to-date: /home/malik/interbotix_moveit/install/emse_moveit_actions/share/emse_moveit_actions/cmake/emse_moveit_actions__rosidl_typesupport_introspection_cExport-noconfig.cmake
[2.997s] -- Up-to-date: /home/malik/interbotix_moveit/install/emse_moveit_actions/share/emse_moveit_actions/cmake/emse_moveit_actions__rosidl_typesupport_cExport.cmake
[2.998s] -- Up-to-date: /home/malik/interbotix_moveit/install/emse_moveit_actions/share/emse_moveit_actions/cmake/emse_moveit_actions__rosidl_typesupport_cExport-noconfig.cmake
[2.998s] -- Up-to-date: /home/malik/interbotix_moveit/install/emse_moveit_actions/share/emse_moveit_actions/cmake/export_emse_moveit_actions__rosidl_generator_cppExport.cmake
[2.999s] -- Up-to-date: /home/malik/interbotix_moveit/install/emse_moveit_actions/share/emse_moveit_actions/cmake/export_emse_moveit_actions__rosidl_typesupport_fastrtps_cppExport.cmake
[3.000s] -- Up-to-date: /home/malik/interbotix_moveit/install/emse_moveit_actions/share/emse_moveit_actions/cmake/export_emse_moveit_actions__rosidl_typesupport_fastrtps_cppExport-noconfig.cmake
[3.001s] -- Up-to-date: /home/malik/interbotix_moveit/install/emse_moveit_actions/share/emse_moveit_actions/cmake/emse_moveit_actions__rosidl_typesupport_introspection_cppExport.cmake
[3.001s] -- Up-to-date: /home/malik/interbotix_moveit/install/emse_moveit_actions/share/emse_moveit_actions/cmake/emse_moveit_actions__rosidl_typesupport_introspection_cppExport-noconfig.cmake
[3.002s] -- Up-to-date: /home/malik/interbotix_moveit/install/emse_moveit_actions/share/emse_moveit_actions/cmake/emse_moveit_actions__rosidl_typesupport_cppExport.cmake
[3.002s] -- Up-to-date: /home/malik/interbotix_moveit/install/emse_moveit_actions/share/emse_moveit_actions/cmake/emse_moveit_actions__rosidl_typesupport_cppExport-noconfig.cmake
[3.003s] -- Up-to-date: /home/malik/interbotix_moveit/install/emse_moveit_actions/share/emse_moveit_actions/cmake/export_emse_moveit_actions__rosidl_generator_pyExport.cmake
[3.004s] -- Up-to-date: /home/malik/interbotix_moveit/install/emse_moveit_actions/share/emse_moveit_actions/cmake/export_emse_moveit_actions__rosidl_generator_pyExport-noconfig.cmake
[3.004s] -- Up-to-date: /home/malik/interbotix_moveit/install/emse_moveit_actions/share/emse_moveit_actions/cmake/rosidl_cmake-extras.cmake
[3.005s] -- Up-to-date: /home/malik/interbotix_moveit/install/emse_moveit_actions/share/emse_moveit_actions/cmake/ament_cmake_export_dependencies-extras.cmake
[3.005s] -- Up-to-date: /home/malik/interbotix_moveit/install/emse_moveit_actions/share/emse_moveit_actions/cmake/ament_cmake_export_include_directories-extras.cmake
[3.006s] -- Up-to-date: /home/malik/interbotix_moveit/install/emse_moveit_actions/share/emse_moveit_actions/cmake/ament_cmake_export_libraries-extras.cmake
[3.006s] -- Up-to-date: /home/malik/interbotix_moveit/install/emse_moveit_actions/share/emse_moveit_actions/cmake/ament_cmake_export_targets-extras.cmake
[3.006s] -- Up-to-date: /home/malik/interbotix_moveit/install/emse_moveit_actions/share/emse_moveit_actions/cmake/rosidl_cmake_export_typesupport_targets-extras.cmake
[3.007s] -- Up-to-date: /home/malik/interbotix_moveit/install/emse_moveit_actions/share/emse_moveit_actions/cmake/rosidl_cmake_export_typesupport_libraries-extras.cmake
[3.007s] -- Up-to-date: /home/malik/interbotix_moveit/install/emse_moveit_actions/share/emse_moveit_actions/cmake/emse_moveit_actionsConfig.cmake
[3.008s] -- Up-to-date: /home/malik/interbotix_moveit/install/emse_moveit_actions/share/emse_moveit_actions/cmake/emse_moveit_actionsConfig-version.cmake
[3.008s] -- Up-to-date: /home/malik/interbotix_moveit/install/emse_moveit_actions/share/emse_moveit_actions/package.xml
[3.016s] Invoked command in '/home/malik/interbotix_moveit/build/emse_moveit_actions' returned '0': CMAKE_PREFIX_PATH=${CMAKE_PREFIX_PATH}:/home/malik/interbotix_ws/install/interbotix_xs_modules:/home/malik/interbotix_ws/install/interbotix_perception_modules:/home/malik/interbotix_ws/install/interbotix_common_modules:/opt/ros/humble /usr/bin/cmake --install /home/malik/interbotix_moveit/build/emse_moveit_actions
