[0.027s] Invoking command in '/home/malik/interbotix_moveit/build/emse_reachpose': CMAKE_PREFIX_PATH=${CMAKE_PREFIX_PATH}:/home/malik/interbotix_ws/install/interbotix_xs_modules:/home/malik/interbotix_ws/install/interbotix_perception_modules:/home/malik/interbotix_ws/install/interbotix_common_modules:/opt/ros/humble /usr/bin/cmake --build /home/malik/interbotix_moveit/build/emse_reachpose -- -j4 -l4
[0.135s] [35m[1mConsolidate compiler generated dependencies of target reachpose[0m
[0.167s] [ 33%] Built target reach_pose
[0.184s] [ 66%] Built target plan_pose
[0.198s] [ 83%] [32mBuilding CXX object CMakeFiles/reachpose.dir/src/reachpose.cpp.o[0m
[12.872s] [100%] [32m[1mLinking CXX executable reachpose[0m
[13.410s] [100%] Built target reachpose
[13.430s] Invoked command in '/home/malik/interbotix_moveit/build/emse_reachpose' returned '0': CMAKE_PREFIX_PATH=${CMAKE_PREFIX_PATH}:/home/malik/interbotix_ws/install/interbotix_xs_modules:/home/malik/interbotix_ws/install/interbotix_perception_modules:/home/malik/interbotix_ws/install/interbotix_common_modules:/opt/ros/humble /usr/bin/cmake --build /home/malik/interbotix_moveit/build/emse_reachpose -- -j4 -l4
[13.526s] Invoking command in '/home/malik/interbotix_moveit/build/emse_reachpose': CMAKE_PREFIX_PATH=${CMAKE_PREFIX_PATH}:/home/malik/interbotix_ws/install/interbotix_xs_modules:/home/malik/interbotix_ws/install/interbotix_perception_modules:/home/malik/interbotix_ws/install/interbotix_common_modules:/opt/ros/humble /usr/bin/cmake --install /home/malik/interbotix_moveit/build/emse_reachpose
[13.542s] -- Install configuration: ""
[13.542s] -- Installing: /home/malik/interbotix_moveit/install/emse_reachpose/lib/emse_reachpose/reachpose
[13.544s] -- Set runtime path of "/home/malik/interbotix_moveit/install/emse_reachpose/lib/emse_reachpose/reachpose" to ""
[13.544s] -- Up-to-date: /home/malik/interbotix_moveit/install/emse_reachpose/lib/emse_reachpose/reach_pose
[13.545s] -- Up-to-date: /home/malik/interbotix_moveit/install/emse_reachpose/lib/emse_reachpose/plan_pose
[13.545s] -- Up-to-date: /home/malik/interbotix_moveit/install/emse_reachpose/share/emse_reachpose/launch
[13.546s] -- Up-to-date: /home/malik/interbotix_moveit/install/emse_reachpose/share/emse_reachpose/launch/joint_state_move_group_interface.launch.py
[13.546s] -- Up-to-date: /home/malik/interbotix_moveit/install/emse_reachpose/share/emse_reachpose/launch/move_group_interface.launch.py
[13.546s] -- Up-to-date: /home/malik/interbotix_moveit/install/emse_reachpose/share/ament_index/resource_index/package_run_dependencies/emse_reachpose
[13.546s] -- Up-to-date: /home/malik/interbotix_moveit/install/emse_reachpose/share/ament_index/resource_index/parent_prefix_path/emse_reachpose
[13.547s] -- Up-to-date: /home/malik/interbotix_moveit/install/emse_reachpose/share/emse_reachpose/environment/ament_prefix_path.sh
[13.547s] -- Up-to-date: /home/malik/interbotix_moveit/install/emse_reachpose/share/emse_reachpose/environment/ament_prefix_path.dsv
[13.547s] -- Up-to-date: /home/malik/interbotix_moveit/install/emse_reachpose/share/emse_reachpose/environment/path.sh
[13.547s] -- Up-to-date: /home/malik/interbotix_moveit/install/emse_reachpose/share/emse_reachpose/environment/path.dsv
[13.547s] -- Up-to-date: /home/malik/interbotix_moveit/install/emse_reachpose/share/emse_reachpose/local_setup.bash
[13.547s] -- Up-to-date: /home/malik/interbotix_moveit/install/emse_reachpose/share/emse_reachpose/local_setup.sh
[13.548s] -- Up-to-date: /home/malik/interbotix_moveit/install/emse_reachpose/share/emse_reachpose/local_setup.zsh
[13.548s] -- Up-to-date: /home/malik/interbotix_moveit/install/emse_reachpose/share/emse_reachpose/local_setup.dsv
[13.548s] -- Installing: /home/malik/interbotix_moveit/install/emse_reachpose/share/emse_reachpose/package.dsv
[13.548s] -- Up-to-date: /home/malik/interbotix_moveit/install/emse_reachpose/share/ament_index/resource_index/packages/emse_reachpose
[13.548s] -- Up-to-date: /home/malik/interbotix_moveit/install/emse_reachpose/share/emse_reachpose/cmake/emse_reachposeConfig.cmake
[13.548s] -- Up-to-date: /home/malik/interbotix_moveit/install/emse_reachpose/share/emse_reachpose/cmake/emse_reachposeConfig-version.cmake
[13.548s] -- Up-to-date: /home/malik/interbotix_moveit/install/emse_reachpose/share/emse_reachpose/package.xml
[13.550s] Invoked command in '/home/malik/interbotix_moveit/build/emse_reachpose' returned '0': CMAKE_PREFIX_PATH=${CMAKE_PREFIX_PATH}:/home/malik/interbotix_ws/install/interbotix_xs_modules:/home/malik/interbotix_ws/install/interbotix_perception_modules:/home/malik/interbotix_ws/install/interbotix_common_modules:/opt/ros/humble /usr/bin/cmake --install /home/malik/interbotix_moveit/build/emse_reachpose
