[0.028s] Invoking command in '/home/malik/interbotix_moveit/build/emse_reachpose': CMAKE_PREFIX_PATH=${CMAKE_PREFIX_PATH}:/home/malik/interbotix_ws/install/interbotix_xs_modules:/home/malik/interbotix_ws/install/interbotix_perception_modules:/home/malik/interbotix_ws/install/interbotix_common_modules:/opt/ros/humble /usr/bin/cmake --build /home/malik/interbotix_moveit/build/emse_reachpose -- -j4 -l4
[0.170s] [ 33%] Built target reachpose
[0.179s] [ 66%] Built target reach_pose
[0.181s] [ 83%] [32mBuilding CXX object CMakeFiles/plan_pose.dir/src/reachpose_action_server.cpp.o[0m
[8.387s] [01m[K/home/malik/interbotix_moveit/src/emse_reachpose/src/reachpose_action_server.cpp:[m[K In constructor ‘[01m[KReachPoseActionServer::ReachPoseActionServer()[m[K’:
[8.387s] [01m[K/home/malik/interbotix_moveit/src/emse_reachpose/src/reachpose_action_server.cpp:31:84:[m[K [01;31m[Kerror: [m[Kreference to ‘[01m[Kshared_from_this[m[K’ is ambiguous
[8.387s]    31 |     move_group_ = std::make_shared<moveit::planning_interface::MoveGroupInterface>([01;31m[Kshared_from_this[m[K(), "interbotix_arm");
[8.387s]       |                                                                                    [01;31m[K^~~~~~~~~~~~~~~~[m[K
[8.387s] In file included from [01m[K/usr/include/c++/11/memory:77[m[K,
[8.388s]                  from [01m[K/home/malik/interbotix_moveit/src/emse_reachpose/src/reachpose_action_server.cpp:1[m[K:
[8.388s] [01m[K/usr/include/c++/11/bits/shared_ptr.h:811:7:[m[K [01;36m[Knote: [m[Kcandidates are: ‘[01m[Kstd::shared_ptr<const _Tp> std::enable_shared_from_this<_Tp>::shared_from_this() const [with _Tp = ReachPoseActionServer][m[K’
[8.388s]   811 |       [01;36m[Kshared_from_this[m[K() const
[8.388s]       |       [01;36m[K^~~~~~~~~~~~~~~~[m[K
[8.388s] [01m[K/usr/include/c++/11/bits/shared_ptr.h:807:7:[m[K [01;36m[Knote: [m[K                ‘[01m[Kstd::shared_ptr<_Tp> std::enable_shared_from_this<_Tp>::shared_from_this() [with _Tp = ReachPoseActionServer][m[K’
[8.388s]   807 |       [01;36m[Kshared_from_this[m[K()
[8.388s]       |       [01;36m[K^~~~~~~~~~~~~~~~[m[K
[8.388s] [01m[K/usr/include/c++/11/bits/shared_ptr.h:811:7:[m[K [01;36m[Knote: [m[K                ‘[01m[Kstd::shared_ptr<const _Tp> std::enable_shared_from_this<_Tp>::shared_from_this() const [with _Tp = rclcpp::Node][m[K’
[8.389s]   811 |       [01;36m[Kshared_from_this[m[K() const
[8.389s]       |       [01;36m[K^~~~~~~~~~~~~~~~[m[K
[8.389s] [01m[K/usr/include/c++/11/bits/shared_ptr.h:807:7:[m[K [01;36m[Knote: [m[K                ‘[01m[Kstd::shared_ptr<_Tp> std::enable_shared_from_this<_Tp>::shared_from_this() [with _Tp = rclcpp::Node][m[K’
[8.389s]   807 |       [01;36m[Kshared_from_this[m[K()
[8.389s]       |       [01;36m[K^~~~~~~~~~~~~~~~[m[K
[12.862s] gmake[2]: *** [CMakeFiles/plan_pose.dir/build.make:76: CMakeFiles/plan_pose.dir/src/reachpose_action_server.cpp.o] Error 1
[12.863s] gmake[1]: *** [CMakeFiles/Makefile2:193: CMakeFiles/plan_pose.dir/all] Error 2
[12.863s] gmake: *** [Makefile:146: all] Error 2
[12.866s] Invoked command in '/home/malik/interbotix_moveit/build/emse_reachpose' returned '2': CMAKE_PREFIX_PATH=${CMAKE_PREFIX_PATH}:/home/malik/interbotix_ws/install/interbotix_xs_modules:/home/malik/interbotix_ws/install/interbotix_perception_modules:/home/malik/interbotix_ws/install/interbotix_common_modules:/opt/ros/humble /usr/bin/cmake --build /home/malik/interbotix_moveit/build/emse_reachpose -- -j4 -l4
