[0.022s] Invoking command in '/home/malik/interbotix_moveit/build/emse_rx150_moveit_config': CMAKE_PREFIX_PATH=${CMAKE_PREFIX_PATH}:/home/malik/interbotix_ws/install/interbotix_xs_modules:/home/malik/interbotix_ws/install/interbotix_perception_modules:/home/malik/interbotix_ws/install/interbotix_common_modules:/opt/ros/humble /usr/bin/cmake --build /home/malik/interbotix_moveit/build/emse_rx150_moveit_config -- -j4 -l4
[0.096s] Invoked command in '/home/malik/interbotix_moveit/build/emse_rx150_moveit_config' returned '0': CMAKE_PREFIX_PATH=${CMAKE_PREFIX_PATH}:/home/malik/interbotix_ws/install/interbotix_xs_modules:/home/malik/interbotix_ws/install/interbotix_perception_modules:/home/malik/interbotix_ws/install/interbotix_common_modules:/opt/ros/humble /usr/bin/cmake --build /home/malik/interbotix_moveit/build/emse_rx150_moveit_config -- -j4 -l4
[0.164s] Invoking command in '/home/malik/interbotix_moveit/build/emse_rx150_moveit_config': CMAKE_PREFIX_PATH=${CMAKE_PREFIX_PATH}:/home/malik/interbotix_ws/install/interbotix_xs_modules:/home/malik/interbotix_ws/install/interbotix_perception_modules:/home/malik/interbotix_ws/install/interbotix_common_modules:/opt/ros/humble /usr/bin/cmake --install /home/malik/interbotix_moveit/build/emse_rx150_moveit_config
[0.178s] -- Install configuration: ""
[0.179s] -- Up-to-date: /home/malik/interbotix_moveit/install/emse_rx150_moveit_config/share/ament_index/resource_index/package_run_dependencies/emse_rx150_moveit_config
[0.179s] -- Up-to-date: /home/malik/interbotix_moveit/install/emse_rx150_moveit_config/share/ament_index/resource_index/parent_prefix_path/emse_rx150_moveit_config
[0.180s] -- Up-to-date: /home/malik/interbotix_moveit/install/emse_rx150_moveit_config/share/emse_rx150_moveit_config/environment/ament_prefix_path.sh
[0.180s] -- Up-to-date: /home/malik/interbotix_moveit/install/emse_rx150_moveit_config/share/emse_rx150_moveit_config/environment/ament_prefix_path.dsv
[0.180s] -- Up-to-date: /home/malik/interbotix_moveit/install/emse_rx150_moveit_config/share/emse_rx150_moveit_config/environment/path.sh
[0.180s] -- Up-to-date: /home/malik/interbotix_moveit/install/emse_rx150_moveit_config/share/emse_rx150_moveit_config/environment/path.dsv
[0.181s] -- Up-to-date: /home/malik/interbotix_moveit/install/emse_rx150_moveit_config/share/emse_rx150_moveit_config/local_setup.bash
[0.181s] -- Up-to-date: /home/malik/interbotix_moveit/install/emse_rx150_moveit_config/share/emse_rx150_moveit_config/local_setup.sh
[0.181s] -- Up-to-date: /home/malik/interbotix_moveit/install/emse_rx150_moveit_config/share/emse_rx150_moveit_config/local_setup.zsh
[0.182s] -- Up-to-date: /home/malik/interbotix_moveit/install/emse_rx150_moveit_config/share/emse_rx150_moveit_config/local_setup.dsv
[0.182s] -- Installing: /home/malik/interbotix_moveit/install/emse_rx150_moveit_config/share/emse_rx150_moveit_config/package.dsv
[0.183s] -- Up-to-date: /home/malik/interbotix_moveit/install/emse_rx150_moveit_config/share/ament_index/resource_index/packages/emse_rx150_moveit_config
[0.183s] -- Up-to-date: /home/malik/interbotix_moveit/install/emse_rx150_moveit_config/share/emse_rx150_moveit_config/cmake/emse_rx150_moveit_configConfig.cmake
[0.183s] -- Up-to-date: /home/malik/interbotix_moveit/install/emse_rx150_moveit_config/share/emse_rx150_moveit_config/cmake/emse_rx150_moveit_configConfig-version.cmake
[0.183s] -- Up-to-date: /home/malik/interbotix_moveit/install/emse_rx150_moveit_config/share/emse_rx150_moveit_config/package.xml
[0.183s] -- Up-to-date: /home/malik/interbotix_moveit/install/emse_rx150_moveit_config/share/emse_rx150_moveit_config/launch
[0.184s] -- Installing: /home/malik/interbotix_moveit/install/emse_rx150_moveit_config/share/emse_rx150_moveit_config/launch/benchmark_pre_step.launch.py
[0.184s] -- Up-to-date: /home/malik/interbotix_moveit/install/emse_rx150_moveit_config/share/emse_rx150_moveit_config/launch/test.launch.py
[0.184s] -- Up-to-date: /home/malik/interbotix_moveit/install/emse_rx150_moveit_config/share/emse_rx150_moveit_config/config
[0.184s] -- Up-to-date: /home/malik/interbotix_moveit/install/emse_rx150_moveit_config/share/emse_rx150_moveit_config/config/srdf
[0.185s] -- Up-to-date: /home/malik/interbotix_moveit/install/emse_rx150_moveit_config/share/emse_rx150_moveit_config/config/srdf/rx150.srdf
[0.185s] -- Up-to-date: /home/malik/interbotix_moveit/install/emse_rx150_moveit_config/share/emse_rx150_moveit_config/config/sensors_3d.yaml
[0.185s] -- Up-to-date: /home/malik/interbotix_moveit/install/emse_rx150_moveit_config/share/emse_rx150_moveit_config/config/rx150.ros2_control.xacro
[0.185s] -- Up-to-date: /home/malik/interbotix_moveit/install/emse_rx150_moveit_config/share/emse_rx150_moveit_config/config/kinematics.yaml
[0.185s] -- Up-to-date: /home/malik/interbotix_moveit/install/emse_rx150_moveit_config/share/emse_rx150_moveit_config/config/ros2_controllers.yaml
[0.186s] -- Up-to-date: /home/malik/interbotix_moveit/install/emse_rx150_moveit_config/share/emse_rx150_moveit_config/config/joint_limits.yaml
[0.186s] -- Up-to-date: /home/malik/interbotix_moveit/install/emse_rx150_moveit_config/share/emse_rx150_moveit_config/config/moveit_controllers.yaml
[0.187s] -- Up-to-date: /home/malik/interbotix_moveit/install/emse_rx150_moveit_config/share/emse_rx150_moveit_config/config/moveit.rviz
[0.187s] -- Up-to-date: /home/malik/interbotix_moveit/install/emse_rx150_moveit_config/share/emse_rx150_moveit_config/config/ompl_planning.yaml
[0.187s] -- Up-to-date: /home/malik/interbotix_moveit/install/emse_rx150_moveit_config/share/emse_rx150_moveit_config/config/rx150.urdf.xacro
[0.188s] -- Up-to-date: /home/malik/interbotix_moveit/install/emse_rx150_moveit_config/share/emse_rx150_moveit_config/config/initial_positions.yaml
[0.188s] -- Up-to-date: /home/malik/interbotix_moveit/install/emse_rx150_moveit_config/share/emse_rx150_moveit_config/config/pilz_cartesian_limits.yaml
[0.188s] Invoked command in '/home/malik/interbotix_moveit/build/emse_rx150_moveit_config' returned '0': CMAKE_PREFIX_PATH=${CMAKE_PREFIX_PATH}:/home/malik/interbotix_ws/install/interbotix_xs_modules:/home/malik/interbotix_ws/install/interbotix_perception_modules:/home/malik/interbotix_ws/install/interbotix_common_modules:/opt/ros/humble /usr/bin/cmake --install /home/malik/interbotix_moveit/build/emse_rx150_moveit_config
