[0.025s] Invoking command in '/home/malik/interbotix_moveit/build/emse_reachpose': CMAKE_PREFIX_PATH=${CMAKE_PREFIX_PATH}:/home/malik/interbotix_ws/install/interbotix_xs_modules:/home/malik/interbotix_ws/install/interbotix_perception_modules:/home/malik/interbotix_ws/install/interbotix_common_modules:/opt/ros/humble /usr/bin/cmake --build /home/malik/interbotix_moveit/build/emse_reachpose -- -j4 -l4
[0.135s] [35m[1mConsolidate compiler generated dependencies of target plan_pose[0m
[0.166s] [ 33%] Built target reachpose
[0.176s] [ 66%] Built target reach_pose
[0.189s] [ 83%] [32mBuilding CXX object CMakeFiles/plan_pose.dir/src/reachpose_action_server.cpp.o[0m
[15.022s] [100%] [32m[1mLinking CXX executable plan_pose[0m
[15.749s] [100%] Built target plan_pose
[15.768s] Invoked command in '/home/malik/interbotix_moveit/build/emse_reachpose' returned '0': CMAKE_PREFIX_PATH=${CMAKE_PREFIX_PATH}:/home/malik/interbotix_ws/install/interbotix_xs_modules:/home/malik/interbotix_ws/install/interbotix_perception_modules:/home/malik/interbotix_ws/install/interbotix_common_modules:/opt/ros/humble /usr/bin/cmake --build /home/malik/interbotix_moveit/build/emse_reachpose -- -j4 -l4
[15.860s] Invoking command in '/home/malik/interbotix_moveit/build/emse_reachpose': CMAKE_PREFIX_PATH=${CMAKE_PREFIX_PATH}:/home/malik/interbotix_ws/install/interbotix_xs_modules:/home/malik/interbotix_ws/install/interbotix_perception_modules:/home/malik/interbotix_ws/install/interbotix_common_modules:/opt/ros/humble /usr/bin/cmake --install /home/malik/interbotix_moveit/build/emse_reachpose
[15.874s] -- Install configuration: ""
[15.874s] -- Up-to-date: /home/malik/interbotix_moveit/install/emse_reachpose/lib/emse_reachpose/reachpose
[15.875s] -- Up-to-date: /home/malik/interbotix_moveit/install/emse_reachpose/lib/emse_reachpose/reach_pose
[15.876s] -- Installing: /home/malik/interbotix_moveit/install/emse_reachpose/lib/emse_reachpose/plan_pose
[15.880s] -- Set runtime path of "/home/malik/interbotix_moveit/install/emse_reachpose/lib/emse_reachpose/plan_pose" to ""
[15.881s] -- Up-to-date: /home/malik/interbotix_moveit/install/emse_reachpose/share/emse_reachpose/launch
[15.881s] -- Up-to-date: /home/malik/interbotix_moveit/install/emse_reachpose/share/emse_reachpose/launch/joint_state_move_group_interface.launch.py
[15.881s] -- Up-to-date: /home/malik/interbotix_moveit/install/emse_reachpose/share/emse_reachpose/launch/move_group_interface.launch.py
[15.882s] -- Up-to-date: /home/malik/interbotix_moveit/install/emse_reachpose/share/ament_index/resource_index/package_run_dependencies/emse_reachpose
[15.882s] -- Up-to-date: /home/malik/interbotix_moveit/install/emse_reachpose/share/ament_index/resource_index/parent_prefix_path/emse_reachpose
[15.882s] -- Up-to-date: /home/malik/interbotix_moveit/install/emse_reachpose/share/emse_reachpose/environment/ament_prefix_path.sh
[15.882s] -- Up-to-date: /home/malik/interbotix_moveit/install/emse_reachpose/share/emse_reachpose/environment/ament_prefix_path.dsv
[15.882s] -- Up-to-date: /home/malik/interbotix_moveit/install/emse_reachpose/share/emse_reachpose/environment/path.sh
[15.883s] -- Up-to-date: /home/malik/interbotix_moveit/install/emse_reachpose/share/emse_reachpose/environment/path.dsv
[15.883s] -- Up-to-date: /home/malik/interbotix_moveit/install/emse_reachpose/share/emse_reachpose/local_setup.bash
[15.883s] -- Up-to-date: /home/malik/interbotix_moveit/install/emse_reachpose/share/emse_reachpose/local_setup.sh
[15.883s] -- Up-to-date: /home/malik/interbotix_moveit/install/emse_reachpose/share/emse_reachpose/local_setup.zsh
[15.883s] -- Up-to-date: /home/malik/interbotix_moveit/install/emse_reachpose/share/emse_reachpose/local_setup.dsv
[15.883s] -- Installing: /home/malik/interbotix_moveit/install/emse_reachpose/share/emse_reachpose/package.dsv
[15.922s] -- Up-to-date: /home/malik/interbotix_moveit/install/emse_reachpose/share/ament_index/resource_index/packages/emse_reachpose
[15.923s] -- Up-to-date: /home/malik/interbotix_moveit/install/emse_reachpose/share/emse_reachpose/cmake/emse_reachposeConfig.cmake
[15.923s] -- Up-to-date: /home/malik/interbotix_moveit/install/emse_reachpose/share/emse_reachpose/cmake/emse_reachposeConfig-version.cmake
[15.924s] -- Up-to-date: /home/malik/interbotix_moveit/install/emse_reachpose/share/emse_reachpose/package.xml
[15.930s] Invoked command in '/home/malik/interbotix_moveit/build/emse_reachpose' returned '0': CMAKE_PREFIX_PATH=${CMAKE_PREFIX_PATH}:/home/malik/interbotix_ws/install/interbotix_xs_modules:/home/malik/interbotix_ws/install/interbotix_perception_modules:/home/malik/interbotix_ws/install/interbotix_common_modules:/opt/ros/humble /usr/bin/cmake --install /home/malik/interbotix_moveit/build/emse_reachpose
