[35m[1mConsolidate compiler generated dependencies of target reachpose[0m
[ 16%] [32mBuilding CXX object CMakeFiles/reachpose.dir/src/reachpose.cpp.o[0m
[ 50%] Built target reach_pose
[ 83%] Built target plan_pose
[100%] [32m[1mLinking CXX executable reachpose[0m
[100%] Built target reachpose
-- Install configuration: ""
-- Installing: /home/malik/interbotix_moveit/install/emse_reachpose/lib/emse_reachpose/reachpose
-- Set runtime path of "/home/malik/interbotix_moveit/install/emse_reachpose/lib/emse_reachpose/reachpose" to ""
-- Up-to-date: /home/malik/interbotix_moveit/install/emse_reachpose/lib/emse_reachpose/reach_pose
-- Up-to-date: /home/malik/interbotix_moveit/install/emse_reachpose/lib/emse_reachpose/plan_pose
-- Up-to-date: /home/malik/interbotix_moveit/install/emse_reachpose/share/emse_reachpose/launch
-- Up-to-date: /home/malik/interbotix_moveit/install/emse_reachpose/share/emse_reachpose/launch/joint_state_move_group_interface.launch.py
-- Up-to-date: /home/malik/interbotix_moveit/install/emse_reachpose/share/emse_reachpose/launch/move_group_interface.launch.py
-- Up-to-date: /home/malik/interbotix_moveit/install/emse_reachpose/share/ament_index/resource_index/package_run_dependencies/emse_reachpose
-- Up-to-date: /home/malik/interbotix_moveit/install/emse_reachpose/share/ament_index/resource_index/parent_prefix_path/emse_reachpose
-- Up-to-date: /home/malik/interbotix_moveit/install/emse_reachpose/share/emse_reachpose/environment/ament_prefix_path.sh
-- Up-to-date: /home/malik/interbotix_moveit/install/emse_reachpose/share/emse_reachpose/environment/ament_prefix_path.dsv
-- Up-to-date: /home/malik/interbotix_moveit/install/emse_reachpose/share/emse_reachpose/environment/path.sh
-- Up-to-date: /home/malik/interbotix_moveit/install/emse_reachpose/share/emse_reachpose/environment/path.dsv
-- Up-to-date: /home/malik/interbotix_moveit/install/emse_reachpose/share/emse_reachpose/local_setup.bash
-- Up-to-date: /home/malik/interbotix_moveit/install/emse_reachpose/share/emse_reachpose/local_setup.sh
-- Up-to-date: /home/malik/interbotix_moveit/install/emse_reachpose/share/emse_reachpose/local_setup.zsh
-- Up-to-date: /home/malik/interbotix_moveit/install/emse_reachpose/share/emse_reachpose/local_setup.dsv
-- Installing: /home/malik/interbotix_moveit/install/emse_reachpose/share/emse_reachpose/package.dsv
-- Up-to-date: /home/malik/interbotix_moveit/install/emse_reachpose/share/ament_index/resource_index/packages/emse_reachpose
-- Up-to-date: /home/malik/interbotix_moveit/install/emse_reachpose/share/emse_reachpose/cmake/emse_reachposeConfig.cmake
-- Up-to-date: /home/malik/interbotix_moveit/install/emse_reachpose/share/emse_reachpose/cmake/emse_reachposeConfig-version.cmake
-- Up-to-date: /home/malik/interbotix_moveit/install/emse_reachpose/share/emse_reachpose/package.xml
