[0.099s] Invoking command in '/home/malik/interbotix_moveit/build/emse_reachpose': CMAKE_PREFIX_PATH=${CMAKE_PREFIX_PATH}:/home/malik/interbotix_ws/install/interbotix_xs_modules:/home/malik/interbotix_ws/install/interbotix_perception_modules:/home/malik/interbotix_ws/install/interbotix_common_modules:/opt/ros/humble /usr/bin/cmake --build /home/malik/interbotix_moveit/build/emse_reachpose -- -j4 -l4
[0.416s] [35m[1mConsolidate compiler generated dependencies of target reachpose[0m
[0.438s] [ 33%] Built target reach_pose
[0.462s] [ 66%] Built target plan_pose
[0.482s] [100%] Built target reachpose
[0.507s] Invoked command in '/home/malik/interbotix_moveit/build/emse_reachpose' returned '0': CMAKE_PREFIX_PATH=${CMAKE_PREFIX_PATH}:/home/malik/interbotix_ws/install/interbotix_xs_modules:/home/malik/interbotix_ws/install/interbotix_perception_modules:/home/malik/interbotix_ws/install/interbotix_common_modules:/opt/ros/humble /usr/bin/cmake --build /home/malik/interbotix_moveit/build/emse_reachpose -- -j4 -l4
[0.630s] Invoking command in '/home/malik/interbotix_moveit/build/emse_reachpose': CMAKE_PREFIX_PATH=${CMAKE_PREFIX_PATH}:/home/malik/interbotix_ws/install/interbotix_xs_modules:/home/malik/interbotix_ws/install/interbotix_perception_modules:/home/malik/interbotix_ws/install/interbotix_common_modules:/opt/ros/humble /usr/bin/cmake --install /home/malik/interbotix_moveit/build/emse_reachpose
[0.715s] -- Install configuration: ""
[0.718s] -- Up-to-date: /home/malik/interbotix_moveit/install/emse_reachpose/lib/emse_reachpose/reachpose
[0.814s] -- Up-to-date: /home/malik/interbotix_moveit/install/emse_reachpose/lib/emse_reachpose/reach_pose
[0.851s] -- Up-to-date: /home/malik/interbotix_moveit/install/emse_reachpose/lib/emse_reachpose/plan_pose
[0.853s] -- Up-to-date: /home/malik/interbotix_moveit/install/emse_reachpose/share/emse_reachpose/launch
[0.855s] -- Up-to-date: /home/malik/interbotix_moveit/install/emse_reachpose/share/emse_reachpose/launch/joint_state_move_group_interface.launch.py
[0.857s] -- Installing: /home/malik/interbotix_moveit/install/emse_reachpose/share/emse_reachpose/launch/move_group_interface.launch.py
[0.858s] -- Up-to-date: /home/malik/interbotix_moveit/install/emse_reachpose/share/ament_index/resource_index/package_run_dependencies/emse_reachpose
[0.860s] -- Up-to-date: /home/malik/interbotix_moveit/install/emse_reachpose/share/ament_index/resource_index/parent_prefix_path/emse_reachpose
[0.861s] -- Up-to-date: /home/malik/interbotix_moveit/install/emse_reachpose/share/emse_reachpose/environment/ament_prefix_path.sh
[0.861s] -- Up-to-date: /home/malik/interbotix_moveit/install/emse_reachpose/share/emse_reachpose/environment/ament_prefix_path.dsv
[0.862s] -- Up-to-date: /home/malik/interbotix_moveit/install/emse_reachpose/share/emse_reachpose/environment/path.sh
[0.863s] -- Up-to-date: /home/malik/interbotix_moveit/install/emse_reachpose/share/emse_reachpose/environment/path.dsv
[0.863s] -- Up-to-date: /home/malik/interbotix_moveit/install/emse_reachpose/share/emse_reachpose/local_setup.bash
[0.864s] -- Up-to-date: /home/malik/interbotix_moveit/install/emse_reachpose/share/emse_reachpose/local_setup.sh
[0.864s] -- Up-to-date: /home/malik/interbotix_moveit/install/emse_reachpose/share/emse_reachpose/local_setup.zsh
[0.864s] -- Up-to-date: /home/malik/interbotix_moveit/install/emse_reachpose/share/emse_reachpose/local_setup.dsv
[0.865s] -- Installing: /home/malik/interbotix_moveit/install/emse_reachpose/share/emse_reachpose/package.dsv
[0.882s] -- Up-to-date: /home/malik/interbotix_moveit/install/emse_reachpose/share/ament_index/resource_index/packages/emse_reachpose
[0.882s] -- Up-to-date: /home/malik/interbotix_moveit/install/emse_reachpose/share/emse_reachpose/cmake/emse_reachposeConfig.cmake
[0.883s] -- Up-to-date: /home/malik/interbotix_moveit/install/emse_reachpose/share/emse_reachpose/cmake/emse_reachposeConfig-version.cmake
[0.883s] -- Up-to-date: /home/malik/interbotix_moveit/install/emse_reachpose/share/emse_reachpose/package.xml
[0.889s] Invoked command in '/home/malik/interbotix_moveit/build/emse_reachpose' returned '0': CMAKE_PREFIX_PATH=${CMAKE_PREFIX_PATH}:/home/malik/interbotix_ws/install/interbotix_xs_modules:/home/malik/interbotix_ws/install/interbotix_perception_modules:/home/malik/interbotix_ws/install/interbotix_common_modules:/opt/ros/humble /usr/bin/cmake --install /home/malik/interbotix_moveit/build/emse_reachpose
