[0.017s] Invoking command in '/home/malik/interbotix_moveit/build/emse_moveit_actions': CMAKE_PREFIX_PATH=${CMAKE_PREFIX_PATH}:/home/malik/interbotix_ws/install/interbotix_xs_modules:/home/malik/interbotix_ws/install/interbotix_perception_modules:/home/malik/interbotix_ws/install/interbotix_common_modules:/opt/ros/humble /usr/bin/cmake /home/malik/interbotix_moveit/src/emse_moveit_actions -DCMAKE_INSTALL_PREFIX=/home/malik/interbotix_moveit/install/emse_moveit_actions
[0.105s] -- The C compiler identification is GNU 11.4.0
[0.189s] -- The CXX compiler identification is GNU 11.4.0
[0.199s] -- Detecting C compiler ABI info
[0.306s] -- Detecting C compiler ABI info - done
[0.316s] -- Check for working C compiler: /usr/bin/cc - skipped
[0.316s] -- Detecting C compile features
[0.317s] -- Detecting C compile features - done
[0.320s] -- Detecting CXX compiler ABI info
[0.447s] -- Detecting CXX compiler ABI info - done
[0.456s] -- Check for working CXX compiler: /usr/bin/c++ - skipped
[0.457s] -- Detecting CXX compile features
[0.458s] -- Detecting CXX compile features - done
[0.467s] -- Found ament_cmake: 1.3.8 (/opt/ros/humble/share/ament_cmake/cmake)
[0.704s] -- Found Python3: /usr/bin/python3 (found version "3.10.12") found components: Interpreter 
[0.918s] -- Found rosidl_default_generators: 1.2.0 (/opt/ros/humble/share/rosidl_default_generators/cmake)
[0.934s] -- Using all available rosidl_typesupport_c: rosidl_typesupport_fastrtps_c;rosidl_typesupport_introspection_c
[0.960s] -- Found rosidl_adapter: 3.1.5 (/opt/ros/humble/share/rosidl_adapter/cmake)
[1.080s] -- Using all available rosidl_typesupport_cpp: rosidl_typesupport_fastrtps_cpp;rosidl_typesupport_introspection_cpp
[1.173s] -- Found action_msgs: 1.2.1 (/opt/ros/humble/share/action_msgs/cmake)
[1.312s] -- Found std_msgs: 4.2.3 (/opt/ros/humble/share/std_msgs/cmake)
[1.365s] -- Found sensor_msgs: 4.2.3 (/opt/ros/humble/share/sensor_msgs/cmake)
[1.552s] -- Found moveit_msgs: 2.2.1 (/opt/ros/humble/share/moveit_msgs/cmake)
[2.938s] -- Found ament_cmake_ros: 0.10.0 (/opt/ros/humble/share/ament_cmake_ros/cmake)
[3.512s] -- Using all available rosidl_typesupport_c: rosidl_typesupport_fastrtps_c;rosidl_typesupport_introspection_c
[4.266s] -- Using all available rosidl_typesupport_cpp: rosidl_typesupport_fastrtps_cpp;rosidl_typesupport_introspection_cpp
[4.300s] -- Found PythonInterp: /usr/bin/python3 (found suitable version "3.10.12", minimum required is "3.6") 
[4.308s] -- Found python_cmake_module: 0.10.0 (/opt/ros/humble/share/python_cmake_module/cmake)
[4.350s] -- Found PythonLibs: /usr/lib/x86_64-linux-gnu/libpython3.10.so (found suitable version "3.10.12", minimum required is "3.5") 
[4.350s] -- Using PYTHON_EXECUTABLE: /usr/bin/python3
[4.350s] -- Using PYTHON_INCLUDE_DIRS: /usr/include/python3.10
[4.350s] -- Using PYTHON_LIBRARIES: /usr/lib/x86_64-linux-gnu/libpython3.10.so
[4.382s] -- Found PythonExtra: .so  
[4.609s] -- Found ament_lint_auto: 0.12.10 (/opt/ros/humble/share/ament_lint_auto/cmake)
[4.684s] -- Added test 'copyright' to check source files copyright and LICENSE
[4.687s] -- Added test 'lint_cmake' to check CMake code style
[4.689s] -- Added test 'xmllint' to check XML markup files
[4.695s] -- Configuring done
[4.767s] -- Generating done
[4.770s] -- Build files have been written to: /home/malik/interbotix_moveit/build/emse_moveit_actions
[4.784s] Invoked command in '/home/malik/interbotix_moveit/build/emse_moveit_actions' returned '0': CMAKE_PREFIX_PATH=${CMAKE_PREFIX_PATH}:/home/malik/interbotix_ws/install/interbotix_xs_modules:/home/malik/interbotix_ws/install/interbotix_perception_modules:/home/malik/interbotix_ws/install/interbotix_common_modules:/opt/ros/humble /usr/bin/cmake /home/malik/interbotix_moveit/src/emse_moveit_actions -DCMAKE_INSTALL_PREFIX=/home/malik/interbotix_moveit/install/emse_moveit_actions
[4.787s] Invoking command in '/home/malik/interbotix_moveit/build/emse_moveit_actions': CMAKE_PREFIX_PATH=${CMAKE_PREFIX_PATH}:/home/malik/interbotix_ws/install/interbotix_xs_modules:/home/malik/interbotix_ws/install/interbotix_perception_modules:/home/malik/interbotix_ws/install/interbotix_common_modules:/opt/ros/humble /usr/bin/cmake --build /home/malik/interbotix_moveit/build/emse_moveit_actions -- -j4 -l4
[4.857s] [  3%] [34m[1mGenerating C code for ROS interfaces[0m
[4.887s] [  6%] [34m[1mGenerating C++ code for ROS interfaces[0m
[4.900s] [  6%] Built target ament_cmake_python_copy_emse_moveit_actions
[5.503s] running egg_info
[5.504s] creating emse_moveit_actions.egg-info
[5.504s] writing emse_moveit_actions.egg-info/PKG-INFO
[5.504s] writing dependency_links to emse_moveit_actions.egg-info/dependency_links.txt
[5.505s] writing top-level names to emse_moveit_actions.egg-info/top_level.txt
[5.505s] writing manifest file 'emse_moveit_actions.egg-info/SOURCES.txt'
[5.511s] reading manifest file 'emse_moveit_actions.egg-info/SOURCES.txt'
[5.512s] writing manifest file 'emse_moveit_actions.egg-info/SOURCES.txt'
[5.574s] [  6%] Built target ament_cmake_python_build_emse_moveit_actions_egg
[5.597s] [  6%] Built target emse_moveit_actions__cpp
[5.623s] [ 12%] [34m[1mGenerating C++ introspection for ROS interfaces[0m
[5.623s] [ 12%] [34m[1mGenerating C++ type support dispatch for ROS interfaces[0m
[5.624s] [ 16%] [34m[1mGenerating C++ type support for eProsima Fast-RTPS[0m
[6.120s] [ 19%] [32mBuilding C object CMakeFiles/emse_moveit_actions__rosidl_generator_c.dir/rosidl_generator_c/emse_moveit_actions/action/detail/reach_pose__functions.c.o[0m
[6.431s] [ 22%] [32m[1mLinking C shared library libemse_moveit_actions__rosidl_generator_c.so[0m
[6.444s] [ 25%] [32mBuilding CXX object CMakeFiles/emse_moveit_actions__rosidl_typesupport_cpp.dir/rosidl_typesupport_cpp/emse_moveit_actions/action/reach_pose__type_support.cpp.o[0m
[6.530s] [ 25%] Built target emse_moveit_actions__rosidl_generator_c
[6.558s] [ 29%] [34m[1mGenerating C type support for eProsima Fast-RTPS[0m
[6.695s] [ 32%] [32mBuilding CXX object CMakeFiles/emse_moveit_actions__rosidl_typesupport_introspection_cpp.dir/rosidl_typesupport_introspection_cpp/emse_moveit_actions/action/detail/reach_pose__type_support.cpp.o[0m
[6.808s] [ 35%] [32mBuilding CXX object CMakeFiles/emse_moveit_actions__rosidl_typesupport_fastrtps_cpp.dir/rosidl_typesupport_fastrtps_cpp/emse_moveit_actions/action/detail/dds_fastrtps/reach_pose__type_support.cpp.o[0m
[7.560s] [ 38%] [32m[1mLinking CXX shared library libemse_moveit_actions__rosidl_typesupport_cpp.so[0m
[7.671s] [ 38%] Built target emse_moveit_actions__rosidl_typesupport_cpp
[7.700s] [ 41%] [34m[1mGenerating C introspection for ROS interfaces[0m
[7.801s] [ 45%] [32mBuilding CXX object CMakeFiles/emse_moveit_actions__rosidl_typesupport_fastrtps_c.dir/rosidl_typesupport_fastrtps_c/emse_moveit_actions/action/detail/reach_pose__type_support_c.cpp.o[0m
[8.249s] [ 48%] [32m[1mLinking CXX shared library libemse_moveit_actions__rosidl_typesupport_fastrtps_cpp.so[0m
[8.451s] [ 48%] Built target emse_moveit_actions__rosidl_typesupport_fastrtps_cpp
[8.481s] [ 51%] [34m[1mGenerating C type support dispatch for ROS interfaces[0m
[8.572s] [ 54%] [32m[1mLinking CXX shared library libemse_moveit_actions__rosidl_typesupport_introspection_cpp.so[0m
[8.792s] [ 54%] Built target emse_moveit_actions__rosidl_typesupport_introspection_cpp
[8.810s] [ 58%] [32m[1mLinking CXX shared library libemse_moveit_actions__rosidl_typesupport_fastrtps_c.so[0m
[8.824s] [ 61%] [32mBuilding C object CMakeFiles/emse_moveit_actions__rosidl_typesupport_introspection_c.dir/rosidl_typesupport_introspection_c/emse_moveit_actions/action/detail/reach_pose__type_support.c.o[0m
[8.951s] [ 61%] Built target emse_moveit_actions__rosidl_typesupport_fastrtps_c
[8.968s] [ 64%] [32m[1mLinking C shared library libemse_moveit_actions__rosidl_typesupport_introspection_c.so[0m
[9.030s] [ 64%] Built target emse_moveit_actions__rosidl_typesupport_introspection_c
[9.168s] [ 67%] [32mBuilding CXX object CMakeFiles/emse_moveit_actions__rosidl_typesupport_c.dir/rosidl_typesupport_c/emse_moveit_actions/action/reach_pose__type_support.cpp.o[0m
[9.261s] [ 70%] [32m[1mLinking CXX shared library libemse_moveit_actions__rosidl_typesupport_c.so[0m
[9.330s] [ 70%] Built target emse_moveit_actions__rosidl_typesupport_c
[9.366s] [ 70%] Built target emse_moveit_actions
[9.403s] [ 74%] [34m[1mGenerating Python code for ROS interfaces[0m
[10.463s] [ 74%] Built target emse_moveit_actions__py
[10.498s] [ 77%] [32mBuilding C object CMakeFiles/emse_moveit_actions__rosidl_generator_py.dir/rosidl_generator_py/emse_moveit_actions/action/_reach_pose_s.c.o[0m
[10.721s] [ 80%] [32m[1mLinking C shared library rosidl_generator_py/emse_moveit_actions/libemse_moveit_actions__rosidl_generator_py.so[0m
[10.801s] [ 80%] Built target emse_moveit_actions__rosidl_generator_py
[10.839s] [ 83%] [32mBuilding C object CMakeFiles/emse_moveit_actions__rosidl_typesupport_fastrtps_c__pyext.dir/rosidl_generator_py/emse_moveit_actions/_emse_moveit_actions_s.ep.rosidl_typesupport_fastrtps_c.c.o[0m
[10.852s] [ 90%] [32mBuilding C object CMakeFiles/emse_moveit_actions__rosidl_typesupport_c__pyext.dir/rosidl_generator_py/emse_moveit_actions/_emse_moveit_actions_s.ep.rosidl_typesupport_c.c.o[0m
[10.853s] [ 90%] [32mBuilding C object CMakeFiles/emse_moveit_actions__rosidl_typesupport_introspection_c__pyext.dir/rosidl_generator_py/emse_moveit_actions/_emse_moveit_actions_s.ep.rosidl_typesupport_introspection_c.c.o[0m
[11.117s] [ 93%] [32m[1mLinking C shared library rosidl_generator_py/emse_moveit_actions/emse_moveit_actions_s__rosidl_typesupport_introspection_c.cpython-310-x86_64-linux-gnu.so[0m
[11.130s] [ 96%] [32m[1mLinking C shared library rosidl_generator_py/emse_moveit_actions/emse_moveit_actions_s__rosidl_typesupport_c.cpython-310-x86_64-linux-gnu.so[0m
[11.156s] [100%] [32m[1mLinking C shared library rosidl_generator_py/emse_moveit_actions/emse_moveit_actions_s__rosidl_typesupport_fastrtps_c.cpython-310-x86_64-linux-gnu.so[0m
[11.253s] [100%] Built target emse_moveit_actions__rosidl_typesupport_introspection_c__pyext
[11.257s] [100%] Built target emse_moveit_actions__rosidl_typesupport_c__pyext
[11.292s] [100%] Built target emse_moveit_actions__rosidl_typesupport_fastrtps_c__pyext
[11.310s] Invoked command in '/home/malik/interbotix_moveit/build/emse_moveit_actions' returned '0': CMAKE_PREFIX_PATH=${CMAKE_PREFIX_PATH}:/home/malik/interbotix_ws/install/interbotix_xs_modules:/home/malik/interbotix_ws/install/interbotix_perception_modules:/home/malik/interbotix_ws/install/interbotix_common_modules:/opt/ros/humble /usr/bin/cmake --build /home/malik/interbotix_moveit/build/emse_moveit_actions -- -j4 -l4
[11.451s] Invoking command in '/home/malik/interbotix_moveit/build/emse_moveit_actions': CMAKE_PREFIX_PATH=${CMAKE_PREFIX_PATH}:/home/malik/interbotix_ws/install/interbotix_xs_modules:/home/malik/interbotix_ws/install/interbotix_perception_modules:/home/malik/interbotix_ws/install/interbotix_common_modules:/opt/ros/humble /usr/bin/cmake --install /home/malik/interbotix_moveit/build/emse_moveit_actions
[11.466s] -- Install configuration: ""
[11.468s] -- Installing: /home/malik/interbotix_moveit/install/emse_moveit_actions/share/ament_index/resource_index/rosidl_interfaces/emse_moveit_actions
[11.468s] -- Installing: /home/malik/interbotix_moveit/install/emse_moveit_actions/include/emse_moveit_actions/emse_moveit_actions
[11.469s] -- Installing: /home/malik/interbotix_moveit/install/emse_moveit_actions/include/emse_moveit_actions/emse_moveit_actions/msg
[11.469s] -- Installing: /home/malik/interbotix_moveit/install/emse_moveit_actions/include/emse_moveit_actions/emse_moveit_actions/msg/rosidl_generator_c__visibility_control.h
[11.469s] -- Installing: /home/malik/interbotix_moveit/install/emse_moveit_actions/include/emse_moveit_actions/emse_moveit_actions/action
[11.469s] -- Installing: /home/malik/interbotix_moveit/install/emse_moveit_actions/include/emse_moveit_actions/emse_moveit_actions/action/detail
[11.470s] -- Installing: /home/malik/interbotix_moveit/install/emse_moveit_actions/include/emse_moveit_actions/emse_moveit_actions/action/detail/reach_pose__functions.c
[11.470s] -- Installing: /home/malik/interbotix_moveit/install/emse_moveit_actions/include/emse_moveit_actions/emse_moveit_actions/action/detail/reach_pose__struct.h
[11.470s] -- Installing: /home/malik/interbotix_moveit/install/emse_moveit_actions/include/emse_moveit_actions/emse_moveit_actions/action/detail/reach_pose__functions.h
[11.470s] -- Installing: /home/malik/interbotix_moveit/install/emse_moveit_actions/include/emse_moveit_actions/emse_moveit_actions/action/detail/reach_pose__type_support.h
[11.470s] -- Installing: /home/malik/interbotix_moveit/install/emse_moveit_actions/include/emse_moveit_actions/emse_moveit_actions/action/reach_pose.h
[11.471s] -- Installing: /home/malik/interbotix_moveit/install/emse_moveit_actions/share/emse_moveit_actions/environment/library_path.sh
[11.471s] -- Installing: /home/malik/interbotix_moveit/install/emse_moveit_actions/share/emse_moveit_actions/environment/library_path.dsv
[11.471s] -- Installing: /home/malik/interbotix_moveit/install/emse_moveit_actions/lib/libemse_moveit_actions__rosidl_generator_c.so
[11.472s] -- Set runtime path of "/home/malik/interbotix_moveit/install/emse_moveit_actions/lib/libemse_moveit_actions__rosidl_generator_c.so" to ""
[11.472s] -- Up-to-date: /home/malik/interbotix_moveit/install/emse_moveit_actions/include/emse_moveit_actions/emse_moveit_actions
[11.472s] -- Up-to-date: /home/malik/interbotix_moveit/install/emse_moveit_actions/include/emse_moveit_actions/emse_moveit_actions/msg
[11.473s] -- Installing: /home/malik/interbotix_moveit/install/emse_moveit_actions/include/emse_moveit_actions/emse_moveit_actions/msg/rosidl_typesupport_fastrtps_c__visibility_control.h
[11.473s] -- Up-to-date: /home/malik/interbotix_moveit/install/emse_moveit_actions/include/emse_moveit_actions/emse_moveit_actions/action
[11.473s] -- Up-to-date: /home/malik/interbotix_moveit/install/emse_moveit_actions/include/emse_moveit_actions/emse_moveit_actions/action/detail
[11.473s] -- Installing: /home/malik/interbotix_moveit/install/emse_moveit_actions/include/emse_moveit_actions/emse_moveit_actions/action/detail/reach_pose__rosidl_typesupport_fastrtps_c.h
[11.473s] -- Installing: /home/malik/interbotix_moveit/install/emse_moveit_actions/lib/libemse_moveit_actions__rosidl_typesupport_fastrtps_c.so
[11.474s] -- Set runtime path of "/home/malik/interbotix_moveit/install/emse_moveit_actions/lib/libemse_moveit_actions__rosidl_typesupport_fastrtps_c.so" to ""
[11.474s] -- Up-to-date: /home/malik/interbotix_moveit/install/emse_moveit_actions/include/emse_moveit_actions/emse_moveit_actions
[11.474s] -- Up-to-date: /home/malik/interbotix_moveit/install/emse_moveit_actions/include/emse_moveit_actions/emse_moveit_actions/msg
[11.474s] -- Installing: /home/malik/interbotix_moveit/install/emse_moveit_actions/include/emse_moveit_actions/emse_moveit_actions/msg/rosidl_typesupport_introspection_c__visibility_control.h
[11.474s] -- Up-to-date: /home/malik/interbotix_moveit/install/emse_moveit_actions/include/emse_moveit_actions/emse_moveit_actions/action
[11.474s] -- Up-to-date: /home/malik/interbotix_moveit/install/emse_moveit_actions/include/emse_moveit_actions/emse_moveit_actions/action/detail
[11.474s] -- Installing: /home/malik/interbotix_moveit/install/emse_moveit_actions/include/emse_moveit_actions/emse_moveit_actions/action/detail/reach_pose__rosidl_typesupport_introspection_c.h
[11.475s] -- Installing: /home/malik/interbotix_moveit/install/emse_moveit_actions/include/emse_moveit_actions/emse_moveit_actions/action/detail/reach_pose__type_support.c
[11.475s] -- Installing: /home/malik/interbotix_moveit/install/emse_moveit_actions/lib/libemse_moveit_actions__rosidl_typesupport_introspection_c.so
[11.476s] -- Set runtime path of "/home/malik/interbotix_moveit/install/emse_moveit_actions/lib/libemse_moveit_actions__rosidl_typesupport_introspection_c.so" to ""
[11.476s] -- Installing: /home/malik/interbotix_moveit/install/emse_moveit_actions/lib/libemse_moveit_actions__rosidl_typesupport_c.so
[11.477s] -- Set runtime path of "/home/malik/interbotix_moveit/install/emse_moveit_actions/lib/libemse_moveit_actions__rosidl_typesupport_c.so" to ""
[11.477s] -- Up-to-date: /home/malik/interbotix_moveit/install/emse_moveit_actions/include/emse_moveit_actions/emse_moveit_actions
[11.477s] -- Up-to-date: /home/malik/interbotix_moveit/install/emse_moveit_actions/include/emse_moveit_actions/emse_moveit_actions/action
[11.477s] -- Up-to-date: /home/malik/interbotix_moveit/install/emse_moveit_actions/include/emse_moveit_actions/emse_moveit_actions/action/detail
[11.477s] -- Installing: /home/malik/interbotix_moveit/install/emse_moveit_actions/include/emse_moveit_actions/emse_moveit_actions/action/detail/reach_pose__builder.hpp
[11.477s] -- Installing: /home/malik/interbotix_moveit/install/emse_moveit_actions/include/emse_moveit_actions/emse_moveit_actions/action/detail/reach_pose__traits.hpp
[11.478s] -- Installing: /home/malik/interbotix_moveit/install/emse_moveit_actions/include/emse_moveit_actions/emse_moveit_actions/action/detail/reach_pose__struct.hpp
[11.478s] -- Installing: /home/malik/interbotix_moveit/install/emse_moveit_actions/include/emse_moveit_actions/emse_moveit_actions/action/reach_pose.hpp
[11.478s] -- Up-to-date: /home/malik/interbotix_moveit/install/emse_moveit_actions/include/emse_moveit_actions/emse_moveit_actions
[11.478s] -- Up-to-date: /home/malik/interbotix_moveit/install/emse_moveit_actions/include/emse_moveit_actions/emse_moveit_actions/msg
[11.478s] -- Installing: /home/malik/interbotix_moveit/install/emse_moveit_actions/include/emse_moveit_actions/emse_moveit_actions/msg/rosidl_typesupport_fastrtps_cpp__visibility_control.h
[11.479s] -- Up-to-date: /home/malik/interbotix_moveit/install/emse_moveit_actions/include/emse_moveit_actions/emse_moveit_actions/action
[11.479s] -- Up-to-date: /home/malik/interbotix_moveit/install/emse_moveit_actions/include/emse_moveit_actions/emse_moveit_actions/action/detail
[11.479s] -- Installing: /home/malik/interbotix_moveit/install/emse_moveit_actions/include/emse_moveit_actions/emse_moveit_actions/action/detail/dds_fastrtps
[11.479s] -- Installing: /home/malik/interbotix_moveit/install/emse_moveit_actions/include/emse_moveit_actions/emse_moveit_actions/action/detail/reach_pose__rosidl_typesupport_fastrtps_cpp.hpp
[11.479s] -- Installing: /home/malik/interbotix_moveit/install/emse_moveit_actions/lib/libemse_moveit_actions__rosidl_typesupport_fastrtps_cpp.so
[11.480s] -- Set runtime path of "/home/malik/interbotix_moveit/install/emse_moveit_actions/lib/libemse_moveit_actions__rosidl_typesupport_fastrtps_cpp.so" to ""
[11.480s] -- Up-to-date: /home/malik/interbotix_moveit/install/emse_moveit_actions/include/emse_moveit_actions/emse_moveit_actions
[11.480s] -- Up-to-date: /home/malik/interbotix_moveit/install/emse_moveit_actions/include/emse_moveit_actions/emse_moveit_actions/action
[11.480s] -- Up-to-date: /home/malik/interbotix_moveit/install/emse_moveit_actions/include/emse_moveit_actions/emse_moveit_actions/action/detail
[11.481s] -- Installing: /home/malik/interbotix_moveit/install/emse_moveit_actions/include/emse_moveit_actions/emse_moveit_actions/action/detail/reach_pose__rosidl_typesupport_introspection_cpp.hpp
[11.481s] -- Installing: /home/malik/interbotix_moveit/install/emse_moveit_actions/include/emse_moveit_actions/emse_moveit_actions/action/detail/reach_pose__type_support.cpp
[11.481s] -- Installing: /home/malik/interbotix_moveit/install/emse_moveit_actions/lib/libemse_moveit_actions__rosidl_typesupport_introspection_cpp.so
[11.482s] -- Set runtime path of "/home/malik/interbotix_moveit/install/emse_moveit_actions/lib/libemse_moveit_actions__rosidl_typesupport_introspection_cpp.so" to ""
[11.482s] -- Installing: /home/malik/interbotix_moveit/install/emse_moveit_actions/lib/libemse_moveit_actions__rosidl_typesupport_cpp.so
[11.483s] -- Set runtime path of "/home/malik/interbotix_moveit/install/emse_moveit_actions/lib/libemse_moveit_actions__rosidl_typesupport_cpp.so" to ""
[11.483s] -- Installing: /home/malik/interbotix_moveit/install/emse_moveit_actions/share/emse_moveit_actions/environment/pythonpath.sh
[11.483s] -- Installing: /home/malik/interbotix_moveit/install/emse_moveit_actions/share/emse_moveit_actions/environment/pythonpath.dsv
[11.484s] -- Installing: /home/malik/interbotix_moveit/install/emse_moveit_actions/local/lib/python3.10/dist-packages/emse_moveit_actions-0.0.0-py3.10.egg-info
[11.484s] -- Installing: /home/malik/interbotix_moveit/install/emse_moveit_actions/local/lib/python3.10/dist-packages/emse_moveit_actions-0.0.0-py3.10.egg-info/top_level.txt
[11.484s] -- Installing: /home/malik/interbotix_moveit/install/emse_moveit_actions/local/lib/python3.10/dist-packages/emse_moveit_actions-0.0.0-py3.10.egg-info/SOURCES.txt
[11.484s] -- Installing: /home/malik/interbotix_moveit/install/emse_moveit_actions/local/lib/python3.10/dist-packages/emse_moveit_actions-0.0.0-py3.10.egg-info/PKG-INFO
[11.484s] -- Installing: /home/malik/interbotix_moveit/install/emse_moveit_actions/local/lib/python3.10/dist-packages/emse_moveit_actions-0.0.0-py3.10.egg-info/dependency_links.txt
[11.485s] -- Installing: /home/malik/interbotix_moveit/install/emse_moveit_actions/local/lib/python3.10/dist-packages/emse_moveit_actions
[11.485s] -- Installing: /home/malik/interbotix_moveit/install/emse_moveit_actions/local/lib/python3.10/dist-packages/emse_moveit_actions/emse_moveit_actions_s__rosidl_typesupport_introspection_c.cpython-310-x86_64-linux-gnu.so
[11.485s] -- Installing: /home/malik/interbotix_moveit/install/emse_moveit_actions/local/lib/python3.10/dist-packages/emse_moveit_actions/_emse_moveit_actions_s.ep.rosidl_typesupport_c.c
[11.486s] -- Installing: /home/malik/interbotix_moveit/install/emse_moveit_actions/local/lib/python3.10/dist-packages/emse_moveit_actions/__init__.py
[11.486s] -- Installing: /home/malik/interbotix_moveit/install/emse_moveit_actions/local/lib/python3.10/dist-packages/emse_moveit_actions/emse_moveit_actions_s__rosidl_typesupport_fastrtps_c.cpython-310-x86_64-linux-gnu.so
[11.486s] -- Installing: /home/malik/interbotix_moveit/install/emse_moveit_actions/local/lib/python3.10/dist-packages/emse_moveit_actions/libemse_moveit_actions__rosidl_generator_py.so
[11.486s] -- Installing: /home/malik/interbotix_moveit/install/emse_moveit_actions/local/lib/python3.10/dist-packages/emse_moveit_actions/action
[11.487s] -- Installing: /home/malik/interbotix_moveit/install/emse_moveit_actions/local/lib/python3.10/dist-packages/emse_moveit_actions/action/__init__.py
[11.487s] -- Installing: /home/malik/interbotix_moveit/install/emse_moveit_actions/local/lib/python3.10/dist-packages/emse_moveit_actions/action/_reach_pose.py
[11.487s] -- Installing: /home/malik/interbotix_moveit/install/emse_moveit_actions/local/lib/python3.10/dist-packages/emse_moveit_actions/action/_reach_pose_s.c
[11.487s] -- Installing: /home/malik/interbotix_moveit/install/emse_moveit_actions/local/lib/python3.10/dist-packages/emse_moveit_actions/emse_moveit_actions_s__rosidl_typesupport_c.cpython-310-x86_64-linux-gnu.so
[11.488s] -- Installing: /home/malik/interbotix_moveit/install/emse_moveit_actions/local/lib/python3.10/dist-packages/emse_moveit_actions/_emse_moveit_actions_s.ep.rosidl_typesupport_fastrtps_c.c
[11.488s] -- Installing: /home/malik/interbotix_moveit/install/emse_moveit_actions/local/lib/python3.10/dist-packages/emse_moveit_actions/_emse_moveit_actions_s.ep.rosidl_typesupport_introspection_c.c
[11.617s] Listing '/home/malik/interbotix_moveit/install/emse_moveit_actions/local/lib/python3.10/dist-packages/emse_moveit_actions'...
[11.617s] Compiling '/home/malik/interbotix_moveit/install/emse_moveit_actions/local/lib/python3.10/dist-packages/emse_moveit_actions/__init__.py'...
[11.617s] Listing '/home/malik/interbotix_moveit/install/emse_moveit_actions/local/lib/python3.10/dist-packages/emse_moveit_actions/action'...
[11.617s] Compiling '/home/malik/interbotix_moveit/install/emse_moveit_actions/local/lib/python3.10/dist-packages/emse_moveit_actions/action/__init__.py'...
[11.617s] Compiling '/home/malik/interbotix_moveit/install/emse_moveit_actions/local/lib/python3.10/dist-packages/emse_moveit_actions/action/_reach_pose.py'...
[11.624s] -- Installing: /home/malik/interbotix_moveit/install/emse_moveit_actions/local/lib/python3.10/dist-packages/emse_moveit_actions/emse_moveit_actions_s__rosidl_typesupport_fastrtps_c.cpython-310-x86_64-linux-gnu.so
[11.624s] -- Set runtime path of "/home/malik/interbotix_moveit/install/emse_moveit_actions/local/lib/python3.10/dist-packages/emse_moveit_actions/emse_moveit_actions_s__rosidl_typesupport_fastrtps_c.cpython-310-x86_64-linux-gnu.so" to ""
[11.624s] -- Installing: /home/malik/interbotix_moveit/install/emse_moveit_actions/local/lib/python3.10/dist-packages/emse_moveit_actions/emse_moveit_actions_s__rosidl_typesupport_introspection_c.cpython-310-x86_64-linux-gnu.so
[11.625s] -- Set runtime path of "/home/malik/interbotix_moveit/install/emse_moveit_actions/local/lib/python3.10/dist-packages/emse_moveit_actions/emse_moveit_actions_s__rosidl_typesupport_introspection_c.cpython-310-x86_64-linux-gnu.so" to ""
[11.626s] -- Installing: /home/malik/interbotix_moveit/install/emse_moveit_actions/local/lib/python3.10/dist-packages/emse_moveit_actions/emse_moveit_actions_s__rosidl_typesupport_c.cpython-310-x86_64-linux-gnu.so
[11.626s] -- Set runtime path of "/home/malik/interbotix_moveit/install/emse_moveit_actions/local/lib/python3.10/dist-packages/emse_moveit_actions/emse_moveit_actions_s__rosidl_typesupport_c.cpython-310-x86_64-linux-gnu.so" to ""
[11.626s] -- Installing: /home/malik/interbotix_moveit/install/emse_moveit_actions/lib/libemse_moveit_actions__rosidl_generator_py.so
[11.627s] -- Set runtime path of "/home/malik/interbotix_moveit/install/emse_moveit_actions/lib/libemse_moveit_actions__rosidl_generator_py.so" to ""
[11.628s] -- Installing: /home/malik/interbotix_moveit/install/emse_moveit_actions/share/emse_moveit_actions/action/ReachPose.idl
[11.628s] -- Installing: /home/malik/interbotix_moveit/install/emse_moveit_actions/share/emse_moveit_actions/action/ReachPose.action
[11.628s] -- Installing: /home/malik/interbotix_moveit/install/emse_moveit_actions/share/ament_index/resource_index/package_run_dependencies/emse_moveit_actions
[11.628s] -- Installing: /home/malik/interbotix_moveit/install/emse_moveit_actions/share/ament_index/resource_index/parent_prefix_path/emse_moveit_actions
[11.629s] -- Installing: /home/malik/interbotix_moveit/install/emse_moveit_actions/share/emse_moveit_actions/environment/ament_prefix_path.sh
[11.629s] -- Installing: /home/malik/interbotix_moveit/install/emse_moveit_actions/share/emse_moveit_actions/environment/ament_prefix_path.dsv
[11.629s] -- Installing: /home/malik/interbotix_moveit/install/emse_moveit_actions/share/emse_moveit_actions/environment/path.sh
[11.629s] -- Installing: /home/malik/interbotix_moveit/install/emse_moveit_actions/share/emse_moveit_actions/environment/path.dsv
[11.630s] -- Installing: /home/malik/interbotix_moveit/install/emse_moveit_actions/share/emse_moveit_actions/local_setup.bash
[11.630s] -- Installing: /home/malik/interbotix_moveit/install/emse_moveit_actions/share/emse_moveit_actions/local_setup.sh
[11.630s] -- Installing: /home/malik/interbotix_moveit/install/emse_moveit_actions/share/emse_moveit_actions/local_setup.zsh
[11.631s] -- Installing: /home/malik/interbotix_moveit/install/emse_moveit_actions/share/emse_moveit_actions/local_setup.dsv
[11.631s] -- Installing: /home/malik/interbotix_moveit/install/emse_moveit_actions/share/emse_moveit_actions/package.dsv
[11.631s] -- Installing: /home/malik/interbotix_moveit/install/emse_moveit_actions/share/ament_index/resource_index/packages/emse_moveit_actions
[11.632s] -- Installing: /home/malik/interbotix_moveit/install/emse_moveit_actions/share/emse_moveit_actions/cmake/export_emse_moveit_actions__rosidl_generator_cExport.cmake
[11.632s] -- Installing: /home/malik/interbotix_moveit/install/emse_moveit_actions/share/emse_moveit_actions/cmake/export_emse_moveit_actions__rosidl_generator_cExport-noconfig.cmake
[11.632s] -- Installing: /home/malik/interbotix_moveit/install/emse_moveit_actions/share/emse_moveit_actions/cmake/export_emse_moveit_actions__rosidl_typesupport_fastrtps_cExport.cmake
[11.633s] -- Installing: /home/malik/interbotix_moveit/install/emse_moveit_actions/share/emse_moveit_actions/cmake/export_emse_moveit_actions__rosidl_typesupport_fastrtps_cExport-noconfig.cmake
[11.633s] -- Installing: /home/malik/interbotix_moveit/install/emse_moveit_actions/share/emse_moveit_actions/cmake/emse_moveit_actions__rosidl_typesupport_introspection_cExport.cmake
[11.633s] -- Installing: /home/malik/interbotix_moveit/install/emse_moveit_actions/share/emse_moveit_actions/cmake/emse_moveit_actions__rosidl_typesupport_introspection_cExport-noconfig.cmake
[11.634s] -- Installing: /home/malik/interbotix_moveit/install/emse_moveit_actions/share/emse_moveit_actions/cmake/emse_moveit_actions__rosidl_typesupport_cExport.cmake
[11.634s] -- Installing: /home/malik/interbotix_moveit/install/emse_moveit_actions/share/emse_moveit_actions/cmake/emse_moveit_actions__rosidl_typesupport_cExport-noconfig.cmake
[11.634s] -- Installing: /home/malik/interbotix_moveit/install/emse_moveit_actions/share/emse_moveit_actions/cmake/export_emse_moveit_actions__rosidl_generator_cppExport.cmake
[11.635s] -- Installing: /home/malik/interbotix_moveit/install/emse_moveit_actions/share/emse_moveit_actions/cmake/export_emse_moveit_actions__rosidl_typesupport_fastrtps_cppExport.cmake
[11.635s] -- Installing: /home/malik/interbotix_moveit/install/emse_moveit_actions/share/emse_moveit_actions/cmake/export_emse_moveit_actions__rosidl_typesupport_fastrtps_cppExport-noconfig.cmake
[11.635s] -- Installing: /home/malik/interbotix_moveit/install/emse_moveit_actions/share/emse_moveit_actions/cmake/emse_moveit_actions__rosidl_typesupport_introspection_cppExport.cmake
[11.635s] -- Installing: /home/malik/interbotix_moveit/install/emse_moveit_actions/share/emse_moveit_actions/cmake/emse_moveit_actions__rosidl_typesupport_introspection_cppExport-noconfig.cmake
[11.636s] -- Installing: /home/malik/interbotix_moveit/install/emse_moveit_actions/share/emse_moveit_actions/cmake/emse_moveit_actions__rosidl_typesupport_cppExport.cmake
[11.636s] -- Installing: /home/malik/interbotix_moveit/install/emse_moveit_actions/share/emse_moveit_actions/cmake/emse_moveit_actions__rosidl_typesupport_cppExport-noconfig.cmake
[11.636s] -- Installing: /home/malik/interbotix_moveit/install/emse_moveit_actions/share/emse_moveit_actions/cmake/export_emse_moveit_actions__rosidl_generator_pyExport.cmake
[11.637s] -- Installing: /home/malik/interbotix_moveit/install/emse_moveit_actions/share/emse_moveit_actions/cmake/export_emse_moveit_actions__rosidl_generator_pyExport-noconfig.cmake
[11.637s] -- Installing: /home/malik/interbotix_moveit/install/emse_moveit_actions/share/emse_moveit_actions/cmake/rosidl_cmake-extras.cmake
[11.637s] -- Installing: /home/malik/interbotix_moveit/install/emse_moveit_actions/share/emse_moveit_actions/cmake/ament_cmake_export_dependencies-extras.cmake
[11.637s] -- Installing: /home/malik/interbotix_moveit/install/emse_moveit_actions/share/emse_moveit_actions/cmake/ament_cmake_export_include_directories-extras.cmake
[11.638s] -- Installing: /home/malik/interbotix_moveit/install/emse_moveit_actions/share/emse_moveit_actions/cmake/ament_cmake_export_libraries-extras.cmake
[11.638s] -- Installing: /home/malik/interbotix_moveit/install/emse_moveit_actions/share/emse_moveit_actions/cmake/ament_cmake_export_targets-extras.cmake
[11.638s] -- Installing: /home/malik/interbotix_moveit/install/emse_moveit_actions/share/emse_moveit_actions/cmake/rosidl_cmake_export_typesupport_targets-extras.cmake
[11.638s] -- Installing: /home/malik/interbotix_moveit/install/emse_moveit_actions/share/emse_moveit_actions/cmake/rosidl_cmake_export_typesupport_libraries-extras.cmake
[11.639s] -- Installing: /home/malik/interbotix_moveit/install/emse_moveit_actions/share/emse_moveit_actions/cmake/emse_moveit_actionsConfig.cmake
[11.639s] -- Installing: /home/malik/interbotix_moveit/install/emse_moveit_actions/share/emse_moveit_actions/cmake/emse_moveit_actionsConfig-version.cmake
[11.639s] -- Installing: /home/malik/interbotix_moveit/install/emse_moveit_actions/share/emse_moveit_actions/package.xml
[11.643s] Invoked command in '/home/malik/interbotix_moveit/build/emse_moveit_actions' returned '0': CMAKE_PREFIX_PATH=${CMAKE_PREFIX_PATH}:/home/malik/interbotix_ws/install/interbotix_xs_modules:/home/malik/interbotix_ws/install/interbotix_perception_modules:/home/malik/interbotix_ws/install/interbotix_common_modules:/opt/ros/humble /usr/bin/cmake --install /home/malik/interbotix_moveit/build/emse_moveit_actions
