[0.119s] Invoking command in '/home/malik/interbotix_moveit/build/emse_rx150_moveit_config': CMAKE_PREFIX_PATH=${CMAKE_PREFIX_PATH}:/home/malik/interbotix_ws/install/interbotix_xs_modules:/home/malik/interbotix_ws/install/interbotix_perception_modules:/home/malik/interbotix_ws/install/interbotix_common_modules:/opt/ros/humble /usr/bin/cmake --build /home/malik/interbotix_moveit/build/emse_rx150_moveit_config -- -j4 -l4
[0.770s] Invoked command in '/home/malik/interbotix_moveit/build/emse_rx150_moveit_config' returned '0': CMAKE_PREFIX_PATH=${CMAKE_PREFIX_PATH}:/home/malik/interbotix_ws/install/interbotix_xs_modules:/home/malik/interbotix_ws/install/interbotix_perception_modules:/home/malik/interbotix_ws/install/interbotix_common_modules:/opt/ros/humble /usr/bin/cmake --build /home/malik/interbotix_moveit/build/emse_rx150_moveit_config -- -j4 -l4
[0.835s] Invoking command in '/home/malik/interbotix_moveit/build/emse_rx150_moveit_config': CMAKE_PREFIX_PATH=${CMAKE_PREFIX_PATH}:/home/malik/interbotix_ws/install/interbotix_xs_modules:/home/malik/interbotix_ws/install/interbotix_perception_modules:/home/malik/interbotix_ws/install/interbotix_common_modules:/opt/ros/humble /usr/bin/cmake --install /home/malik/interbotix_moveit/build/emse_rx150_moveit_config
[0.851s] -- Install configuration: ""
[0.853s] -- Up-to-date: /home/malik/interbotix_moveit/install/emse_rx150_moveit_config/share/ament_index/resource_index/package_run_dependencies/emse_rx150_moveit_config
[0.854s] -- Up-to-date: /home/malik/interbotix_moveit/install/emse_rx150_moveit_config/share/ament_index/resource_index/parent_prefix_path/emse_rx150_moveit_config
[0.854s] -- Up-to-date: /home/malik/interbotix_moveit/install/emse_rx150_moveit_config/share/emse_rx150_moveit_config/environment/ament_prefix_path.sh
[0.855s] -- Up-to-date: /home/malik/interbotix_moveit/install/emse_rx150_moveit_config/share/emse_rx150_moveit_config/environment/ament_prefix_path.dsv
[0.855s] -- Up-to-date: /home/malik/interbotix_moveit/install/emse_rx150_moveit_config/share/emse_rx150_moveit_config/environment/path.sh
[0.855s] -- Up-to-date: /home/malik/interbotix_moveit/install/emse_rx150_moveit_config/share/emse_rx150_moveit_config/environment/path.dsv
[0.855s] -- Up-to-date: /home/malik/interbotix_moveit/install/emse_rx150_moveit_config/share/emse_rx150_moveit_config/local_setup.bash
[0.855s] -- Up-to-date: /home/malik/interbotix_moveit/install/emse_rx150_moveit_config/share/emse_rx150_moveit_config/local_setup.sh
[0.855s] -- Up-to-date: /home/malik/interbotix_moveit/install/emse_rx150_moveit_config/share/emse_rx150_moveit_config/local_setup.zsh
[0.855s] -- Up-to-date: /home/malik/interbotix_moveit/install/emse_rx150_moveit_config/share/emse_rx150_moveit_config/local_setup.dsv
[0.856s] -- Installing: /home/malik/interbotix_moveit/install/emse_rx150_moveit_config/share/emse_rx150_moveit_config/package.dsv
[0.878s] -- Up-to-date: /home/malik/interbotix_moveit/install/emse_rx150_moveit_config/share/ament_index/resource_index/packages/emse_rx150_moveit_config
[0.879s] -- Up-to-date: /home/malik/interbotix_moveit/install/emse_rx150_moveit_config/share/emse_rx150_moveit_config/cmake/emse_rx150_moveit_configConfig.cmake
[0.879s] -- Up-to-date: /home/malik/interbotix_moveit/install/emse_rx150_moveit_config/share/emse_rx150_moveit_config/cmake/emse_rx150_moveit_configConfig-version.cmake
[0.879s] -- Up-to-date: /home/malik/interbotix_moveit/install/emse_rx150_moveit_config/share/emse_rx150_moveit_config/package.xml
[0.880s] -- Up-to-date: /home/malik/interbotix_moveit/install/emse_rx150_moveit_config/share/emse_rx150_moveit_config/launch
[0.880s] -- Installing: /home/malik/interbotix_moveit/install/emse_rx150_moveit_config/share/emse_rx150_moveit_config/launch/benchmark_pre_step.launch.py
[0.880s] -- Up-to-date: /home/malik/interbotix_moveit/install/emse_rx150_moveit_config/share/emse_rx150_moveit_config/launch/test.launch.py
[0.880s] -- Up-to-date: /home/malik/interbotix_moveit/install/emse_rx150_moveit_config/share/emse_rx150_moveit_config/config
[0.880s] -- Up-to-date: /home/malik/interbotix_moveit/install/emse_rx150_moveit_config/share/emse_rx150_moveit_config/config/srdf
[0.885s] -- Up-to-date: /home/malik/interbotix_moveit/install/emse_rx150_moveit_config/share/emse_rx150_moveit_config/config/srdf/rx150.srdf
[0.885s] -- Up-to-date: /home/malik/interbotix_moveit/install/emse_rx150_moveit_config/share/emse_rx150_moveit_config/config/sensors_3d.yaml
[0.886s] -- Up-to-date: /home/malik/interbotix_moveit/install/emse_rx150_moveit_config/share/emse_rx150_moveit_config/config/rx150.ros2_control.xacro
[0.886s] -- Up-to-date: /home/malik/interbotix_moveit/install/emse_rx150_moveit_config/share/emse_rx150_moveit_config/config/kinematics.yaml
[0.886s] -- Up-to-date: /home/malik/interbotix_moveit/install/emse_rx150_moveit_config/share/emse_rx150_moveit_config/config/ros2_controllers.yaml
[0.886s] -- Up-to-date: /home/malik/interbotix_moveit/install/emse_rx150_moveit_config/share/emse_rx150_moveit_config/config/joint_limits.yaml
[0.886s] -- Up-to-date: /home/malik/interbotix_moveit/install/emse_rx150_moveit_config/share/emse_rx150_moveit_config/config/moveit_controllers.yaml
[0.886s] -- Up-to-date: /home/malik/interbotix_moveit/install/emse_rx150_moveit_config/share/emse_rx150_moveit_config/config/moveit.rviz
[0.887s] -- Up-to-date: /home/malik/interbotix_moveit/install/emse_rx150_moveit_config/share/emse_rx150_moveit_config/config/ompl_planning.yaml
[0.887s] -- Up-to-date: /home/malik/interbotix_moveit/install/emse_rx150_moveit_config/share/emse_rx150_moveit_config/config/rx150.urdf.xacro
[0.887s] -- Up-to-date: /home/malik/interbotix_moveit/install/emse_rx150_moveit_config/share/emse_rx150_moveit_config/config/initial_positions.yaml
[0.887s] -- Up-to-date: /home/malik/interbotix_moveit/install/emse_rx150_moveit_config/share/emse_rx150_moveit_config/config/pilz_cartesian_limits.yaml
[0.889s] Invoked command in '/home/malik/interbotix_moveit/build/emse_rx150_moveit_config' returned '0': CMAKE_PREFIX_PATH=${CMAKE_PREFIX_PATH}:/home/malik/interbotix_ws/install/interbotix_xs_modules:/home/malik/interbotix_ws/install/interbotix_perception_modules:/home/malik/interbotix_ws/install/interbotix_common_modules:/opt/ros/humble /usr/bin/cmake --install /home/malik/interbotix_moveit/build/emse_rx150_moveit_config
